# JRE version: OpenJDK Runtime Environment (8.0_91-b14) (build 1.8.0_91-8u91-b14-3ubuntu1~16.04.1-b14)
# Java VM: OpenJDK 64-Bit Server VM (25.91-b14 mixed mode linux-amd64 compressed oops)
Heap:
 PSYoungGen      total 211456K, used 87255K [0x00000000d7000000, 0x00000000e6b80000, 0x0000000100000000)
  eden space 199680K, 43% used [0x00000000d7000000,0x00000000dc535db8,0x00000000e3300000)
  from space 11776K, 0% used [0x00000000e3e00000,0x00000000e3e00000,0x00000000e4980000)
  to   space 11264K, 0% used [0x00000000e3300000,0x00000000e3300000,0x00000000e3e00000)
 ParOldGen       total 64512K, used 11612K [0x0000000085000000, 0x0000000088f00000, 0x00000000d7000000)
  object space 64512K, 18% used [0x0000000085000000,0x0000000085b571b8,0x0000000088f00000)
 Metaspace       used 41303K, capacity 41724K, committed 42112K, reserved 1085440K
  class space    used 6273K, capacity 6407K, committed 6528K, reserved 1048576K
GC Heap History (10 events):
Event: 4.165 GC heap before
{Heap before GC invocations=6 (full 1):
 PSYoungGen      total 68608K, used 5103K [0x00000000d7000000, 0x00000000dfc00000, 0x0000000100000000)
  eden space 63488K, 0% used [0x00000000d7000000,0x00000000d7000000,0x00000000dae00000)
  from space 5120K, 99% used [0x00000000dae00000,0x00000000db2fbf00,0x00000000db300000)
  to   space 8192K, 0% used [0x00000000df400000,0x00000000df400000,0x00000000dfc00000)
 ParOldGen       total 84992K, used 3105K [0x0000000085000000, 0x000000008a300000, 0x00000000d7000000)
  object space 84992K, 3% used [0x0000000085000000,0x0000000085308698,0x000000008a300000)
 Metaspace       used 20918K, capacity 21138K, committed 21296K, reserved 1067008K
  class space    used 2789K, capacity 2899K, committed 2944K, reserved 1048576K
Event: 4.194 GC heap after
Heap after GC invocations=6 (full 1):
 PSYoungGen      total 68608K, used 0K [0x00000000d7000000, 0x00000000dfc00000, 0x0000000100000000)
  eden space 63488K, 0% used [0x00000000d7000000,0x00000000d7000000,0x00000000dae00000)
  from space 5120K, 0% used [0x00000000dae00000,0x00000000dae00000,0x00000000db300000)
  to   space 8192K, 0% used [0x00000000df400000,0x00000000df400000,0x00000000dfc00000)
 ParOldGen       total 46592K, used 6274K [0x0000000085000000, 0x0000000087d80000, 0x00000000d7000000)
  object space 46592K, 13% used [0x0000000085000000,0x0000000085620878,0x0000000087d80000)
 Metaspace       used 20918K, capacity 21138K, committed 21296K, reserved 1067008K
  class space    used 2789K, capacity 2899K, committed 2944K, reserved 1048576K
}
Event: 4.672 GC heap before
{Heap before GC invocations=7 (full 1):
 PSYoungGen      total 68608K, used 63488K [0x00000000d7000000, 0x00000000dfc00000, 0x0000000100000000)
  eden space 63488K, 100% used [0x00000000d7000000,0x00000000dae00000,0x00000000dae00000)
  from space 5120K, 0% used [0x00000000dae00000,0x00000000dae00000,0x00000000db300000)
  to   space 8192K, 0% used [0x00000000df400000,0x00000000df400000,0x00000000dfc00000)
 ParOldGen       total 46592K, used 6274K [0x0000000085000000, 0x0000000087d80000, 0x00000000d7000000)
  object space 46592K, 13% used [0x0000000085000000,0x0000000085620878,0x0000000087d80000)
 Metaspace       used 25578K, capacity 25874K, committed 26240K, reserved 1071104K
  class space    used 3495K, capacity 3603K, committed 3712K, reserved 1048576K
Event: 4.677 GC heap after
Heap after GC invocations=7 (full 1):
 PSYoungGen      total 119296K, used 5636K [0x00000000d7000000, 0x00000000dfa00000, 0x0000000100000000)
  eden space 113152K, 0% used [0x00000000d7000000,0x00000000d7000000,0x00000000dde80000)
  from space 6144K, 91% used [0x00000000df400000,0x00000000df981198,0x00000000dfa00000)
  to   space 8192K, 0% used [0x00000000dea00000,0x00000000dea00000,0x00000000df200000)
 ParOldGen       total 46592K, used 6282K [0x0000000085000000, 0x0000000087d80000, 0x00000000d7000000)
  object space 46592K, 13% used [0x0000000085000000,0x0000000085622878,0x0000000087d80000)
 Metaspace       used 25578K, capacity 25874K, committed 26240K, reserved 1071104K
  class space    used 3495K, capacity 3603K, committed 3712K, reserved 1048576K
}
Event: 5.793 GC heap before
{Heap before GC invocations=8 (full 1):
 PSYoungGen      total 119296K, used 118788K [0x00000000d7000000, 0x00000000dfa00000, 0x0000000100000000)
  eden space 113152K, 100% used [0x00000000d7000000,0x00000000dde80000,0x00000000dde80000)
  from space 6144K, 91% used [0x00000000df400000,0x00000000df981198,0x00000000dfa00000)
  to   space 8192K, 0% used [0x00000000dea00000,0x00000000dea00000,0x00000000df200000)
 ParOldGen       total 46592K, used 6282K [0x0000000085000000, 0x0000000087d80000, 0x00000000d7000000)
  object space 46592K, 13% used [0x0000000085000000,0x0000000085622878,0x0000000087d80000)
 Metaspace       used 34547K, capacity 34840K, committed 35072K, reserved 1079296K
  class space    used 4931K, capacity 5012K, committed 5120K, reserved 1048576K
Event: 5.809 GC heap after
Heap after GC invocations=8 (full 1):
 PSYoungGen      total 133120K, used 8190K [0x00000000d7000000, 0x00000000e4980000, 0x0000000100000000)
  eden space 124928K, 0% used [0x00000000d7000000,0x00000000d7000000,0x00000000dea00000)
  from space 8192K, 99% used [0x00000000dea00000,0x00000000df1ffac0,0x00000000df200000)
  to   space 11776K, 0% used [0x00000000e3e00000,0x00000000e3e00000,0x00000000e4980000)
 ParOldGen       total 46592K, used 10992K [0x0000000085000000, 0x0000000087d80000, 0x00000000d7000000)
  object space 46592K, 23% used [0x0000000085000000,0x0000000085abc2d0,0x0000000087d80000)
 Metaspace       used 34547K, capacity 34840K, committed 35072K, reserved 1079296K
  class space    used 4931K, capacity 5012K, committed 5120K, reserved 1048576K
}
Event: 5.905 GC heap before
{Heap before GC invocations=9 (full 1):
 PSYoungGen      total 133120K, used 18799K [0x00000000d7000000, 0x00000000e4980000, 0x0000000100000000)
  eden space 124928K, 8% used [0x00000000d7000000,0x00000000d7a5c3d0,0x00000000dea00000)
  from space 8192K, 99% used [0x00000000dea00000,0x00000000df1ffac0,0x00000000df200000)
  to   space 11776K, 0% used [0x00000000e3e00000,0x00000000e3e00000,0x00000000e4980000)
 ParOldGen       total 46592K, used 10992K [0x0000000085000000, 0x0000000087d80000, 0x00000000d7000000)
  object space 46592K, 23% used [0x0000000085000000,0x0000000085abc2d0,0x0000000087d80000)
 Metaspace       used 35055K, capacity 35288K, committed 35456K, reserved 1079296K
  class space    used 5057K, capacity 5140K, committed 5248K, reserved 1048576K
Event: 5.920 GC heap after
Heap after GC invocations=9 (full 1):
 PSYoungGen      total 211456K, used 5473K [0x00000000d7000000, 0x00000000e6b80000, 0x0000000100000000)
  eden space 199680K, 0% used [0x00000000d7000000,0x00000000d7000000,0x00000000e3300000)
  from space 11776K, 46% used [0x00000000e3e00000,0x00000000e4358660,0x00000000e4980000)
  to   space 11264K, 0% used [0x00000000e3300000,0x00000000e3300000,0x00000000e3e00000)
 ParOldGen       total 46592K, used 10992K [0x0000000085000000, 0x0000000087d80000, 0x00000000d7000000)
  object space 46592K, 23% used [0x0000000085000000,0x0000000085abc2d0,0x0000000087d80000)
 Metaspace       used 35055K, capacity 35288K, committed 35456K, reserved 1079296K
  class space    used 5057K, capacity 5140K, committed 5248K, reserved 1048576K
}
Event: 5.920 GC heap before
{Heap before GC invocations=10 (full 2):
 PSYoungGen      total 211456K, used 5473K [0x00000000d7000000, 0x00000000e6b80000, 0x0000000100000000)
  eden space 199680K, 0% used [0x00000000d7000000,0x00000000d7000000,0x00000000e3300000)
  from space 11776K, 46% used [0x00000000e3e00000,0x00000000e4358660,0x00000000e4980000)
  to   space 11264K, 0% used [0x00000000e3300000,0x00000000e3300000,0x00000000e3e00000)
 ParOldGen       total 46592K, used 10992K [0x0000000085000000, 0x0000000087d80000, 0x00000000d7000000)
  object space 46592K, 23% used [0x0000000085000000,0x0000000085abc2d0,0x0000000087d80000)
 Metaspace       used 35055K, capacity 35288K, committed 35456K, reserved 1079296K
  class space    used 5057K, capacity 5140K, committed 5248K, reserved 1048576K
Event: 5.973 GC heap after
Heap after GC invocations=10 (full 2):
 PSYoungGen      total 211456K, used 0K [0x00000000d7000000, 0x00000000e6b80000, 0x0000000100000000)
  eden space 199680K, 0% used [0x00000000d7000000,0x00000000d7000000,0x00000000e3300000)
  from space 11776K, 0% used [0x00000000e3e00000,0x00000000e3e00000,0x00000000e4980000)
  to   space 11264K, 0% used [0x00000000e3300000,0x00000000e3300000,0x00000000e3e00000)
 ParOldGen       total 64512K, used 11612K [0x0000000085000000, 0x0000000088f00000, 0x00000000d7000000)
  object space 64512K, 18% used [0x0000000085000000,0x0000000085b571b8,0x0000000088f00000)
 Metaspace       used 35055K, capacity 35288K, committed 35456K, reserved 1079296K
  class space    used 5057K, capacity 5140K, committed 5248K, reserved 1048576K
}

