# JRE version: OpenJDK Runtime Environment (8.0_91-b14) (build 1.8.0_91-8u91-b14-3ubuntu1~16.04.1-b14)
# Java VM: OpenJDK 64-Bit Server VM (25.91-b14 mixed mode linux-amd64 compressed oops)
Heap:
 PSYoungGen      total 262656K, used 137028K [0x00000000d7000000, 0x00000000ef880000, 0x0000000100000000)
  eden space 248832K, 55% used [0x00000000d7000000,0x00000000df5d1248,0x00000000e6300000)
  from space 13824K, 0% used [0x00000000e6300000,0x00000000e6300000,0x00000000e7080000)
  to   space 14848K, 0% used [0x00000000eea00000,0x00000000eea00000,0x00000000ef880000)
 ParOldGen       total 87040K, used 16480K [0x0000000085000000, 0x000000008a500000, 0x00000000d7000000)
  object space 87040K, 18% used [0x0000000085000000,0x0000000086018340,0x000000008a500000)
 Metaspace       used 44232K, capacity 44706K, committed 44928K, reserved 1087488K
  class space    used 6609K, capacity 6744K, committed 6784K, reserved 1048576K
GC Heap History (10 events):
Event: 6.322 GC heap before
{Heap before GC invocations=5 (full 0):
 PSYoungGen      total 132096K, used 55472K [0x00000000d7000000, 0x00000000df600000, 0x0000000100000000)
  eden space 126976K, 39% used [0x00000000d7000000,0x00000000da12c7f0,0x00000000dec00000)
  from space 5120K, 99% used [0x00000000df100000,0x00000000df5ff8e0,0x00000000df600000)
  to   space 5120K, 0% used [0x00000000dec00000,0x00000000dec00000,0x00000000df100000)
 ParOldGen       total 84992K, used 2869K [0x0000000085000000, 0x000000008a300000, 0x00000000d7000000)
  object space 84992K, 3% used [0x0000000085000000,0x00000000852cd4c8,0x000000008a300000)
 Metaspace       used 20912K, capacity 21186K, committed 21248K, reserved 1067008K
  class space    used 2728K, capacity 2813K, committed 2816K, reserved 1048576K
Event: 6.330 GC heap after
Heap after GC invocations=5 (full 0):
 PSYoungGen      total 132096K, used 5099K [0x00000000d7000000, 0x00000000e7e00000, 0x0000000100000000)
  eden space 126976K, 0% used [0x00000000d7000000,0x00000000d7000000,0x00000000dec00000)
  from space 5120K, 99% used [0x00000000dec00000,0x00000000df0fae58,0x00000000df100000)
  to   space 11264K, 0% used [0x00000000e7300000,0x00000000e7300000,0x00000000e7e00000)
 ParOldGen       total 84992K, used 7674K [0x0000000085000000, 0x000000008a300000, 0x00000000d7000000)
  object space 84992K, 9% used [0x0000000085000000,0x000000008577e990,0x000000008a300000)
 Metaspace       used 20912K, capacity 21186K, committed 21248K, reserved 1067008K
  class space    used 2728K, capacity 2813K, committed 2816K, reserved 1048576K
}
Event: 6.331 GC heap before
{Heap before GC invocations=6 (full 1):
 PSYoungGen      total 132096K, used 5099K [0x00000000d7000000, 0x00000000e7e00000, 0x0000000100000000)
  eden space 126976K, 0% used [0x00000000d7000000,0x00000000d7000000,0x00000000dec00000)
  from space 5120K, 99% used [0x00000000dec00000,0x00000000df0fae58,0x00000000df100000)
  to   space 11264K, 0% used [0x00000000e7300000,0x00000000e7300000,0x00000000e7e00000)
 ParOldGen       total 84992K, used 7674K [0x0000000085000000, 0x000000008a300000, 0x00000000d7000000)
  object space 84992K, 9% used [0x0000000085000000,0x000000008577e990,0x000000008a300000)
 Metaspace       used 20912K, capacity 21186K, committed 21248K, reserved 1067008K
  class space    used 2728K, capacity 2813K, committed 2816K, reserved 1048576K
Event: 6.366 GC heap after
Heap after GC invocations=6 (full 1):
 PSYoungGen      total 132096K, used 0K [0x00000000d7000000, 0x00000000e7e00000, 0x0000000100000000)
  eden space 126976K, 0% used [0x00000000d7000000,0x00000000d7000000,0x00000000dec00000)
  from space 5120K, 0% used [0x00000000dec00000,0x00000000dec00000,0x00000000df100000)
  to   space 11264K, 0% used [0x00000000e7300000,0x00000000e7300000,0x00000000e7e00000)
 ParOldGen       total 55808K, used 9795K [0x0000000085000000, 0x0000000088680000, 0x00000000d7000000)
  object space 55808K, 17% used [0x0000000085000000,0x0000000085990ce0,0x0000000088680000)
 Metaspace       used 20889K, capacity 21150K, committed 21248K, reserved 1067008K
  class space    used 2724K, capacity 2807K, committed 2816K, reserved 1048576K
}
Event: 7.368 GC heap before
{Heap before GC invocations=7 (full 1):
 PSYoungGen      total 132096K, used 126976K [0x00000000d7000000, 0x00000000e7e00000, 0x0000000100000000)
  eden space 126976K, 100% used [0x00000000d7000000,0x00000000dec00000,0x00000000dec00000)
  from space 5120K, 0% used [0x00000000dec00000,0x00000000dec00000,0x00000000df100000)
  to   space 11264K, 0% used [0x00000000e7300000,0x00000000e7300000,0x00000000e7e00000)
 ParOldGen       total 55808K, used 9795K [0x0000000085000000, 0x0000000088680000, 0x00000000d7000000)
  object space 55808K, 17% used [0x0000000085000000,0x0000000085990ce0,0x0000000088680000)
 Metaspace       used 30187K, capacity 30520K, committed 30592K, reserved 1075200K
  class space    used 4094K, capacity 4196K, committed 4224K, reserved 1048576K
Event: 7.380 GC heap after
Heap after GC invocations=7 (full 1):
 PSYoungGen      total 227840K, used 11255K [0x00000000d7000000, 0x00000000e7e00000, 0x0000000100000000)
  eden space 216576K, 0% used [0x00000000d7000000,0x00000000d7000000,0x00000000e4380000)
  from space 11264K, 99% used [0x00000000e7300000,0x00000000e7dfdf88,0x00000000e7e00000)
  to   space 13824K, 0% used [0x00000000e6300000,0x00000000e6300000,0x00000000e7080000)
 ParOldGen       total 55808K, used 10458K [0x0000000085000000, 0x0000000088680000, 0x00000000d7000000)
  object space 55808K, 18% used [0x0000000085000000,0x0000000085a369b0,0x0000000088680000)
 Metaspace       used 30187K, capacity 30520K, committed 30592K, reserved 1075200K
  class space    used 4094K, capacity 4196K, committed 4224K, reserved 1048576K
}
Event: 8.019 GC heap before
{Heap before GC invocations=8 (full 1):
 PSYoungGen      total 227840K, used 69880K [0x00000000d7000000, 0x00000000e7e00000, 0x0000000100000000)
  eden space 216576K, 27% used [0x00000000d7000000,0x00000000da940358,0x00000000e4380000)
  from space 11264K, 99% used [0x00000000e7300000,0x00000000e7dfdf88,0x00000000e7e00000)
  to   space 13824K, 0% used [0x00000000e6300000,0x00000000e6300000,0x00000000e7080000)
 ParOldGen       total 55808K, used 10458K [0x0000000085000000, 0x0000000088680000, 0x00000000d7000000)
  object space 55808K, 18% used [0x0000000085000000,0x0000000085a369b0,0x0000000088680000)
 Metaspace       used 34867K, capacity 35198K, committed 35416K, reserved 1079296K
  class space    used 4923K, capacity 5029K, committed 5120K, reserved 1048576K
Event: 8.031 GC heap after
Heap after GC invocations=8 (full 1):
 PSYoungGen      total 262656K, used 10425K [0x00000000d7000000, 0x00000000ef880000, 0x0000000100000000)
  eden space 248832K, 0% used [0x00000000d7000000,0x00000000d7000000,0x00000000e6300000)
  from space 13824K, 75% used [0x00000000e6300000,0x00000000e6d2e518,0x00000000e7080000)
  to   space 14848K, 0% used [0x00000000eea00000,0x00000000eea00000,0x00000000ef880000)
 ParOldGen       total 55808K, used 10466K [0x0000000085000000, 0x0000000088680000, 0x00000000d7000000)
  object space 55808K, 18% used [0x0000000085000000,0x0000000085a389b0,0x0000000088680000)
 Metaspace       used 34867K, capacity 35198K, committed 35416K, reserved 1079296K
  class space    used 4923K, capacity 5029K, committed 5120K, reserved 1048576K
}
Event: 8.031 GC heap before
{Heap before GC invocations=9 (full 2):
 PSYoungGen      total 262656K, used 10425K [0x00000000d7000000, 0x00000000ef880000, 0x0000000100000000)
  eden space 248832K, 0% used [0x00000000d7000000,0x00000000d7000000,0x00000000e6300000)
  from space 13824K, 75% used [0x00000000e6300000,0x00000000e6d2e518,0x00000000e7080000)
  to   space 14848K, 0% used [0x00000000eea00000,0x00000000eea00000,0x00000000ef880000)
 ParOldGen       total 55808K, used 10466K [0x0000000085000000, 0x0000000088680000, 0x00000000d7000000)
  object space 55808K, 18% used [0x0000000085000000,0x0000000085a389b0,0x0000000088680000)
 Metaspace       used 34867K, capacity 35198K, committed 35416K, reserved 1079296K
  class space    used 4923K, capacity 5029K, committed 5120K, reserved 1048576K
Event: 8.096 GC heap after
Heap after GC invocations=9 (full 2):
 PSYoungGen      total 262656K, used 0K [0x00000000d7000000, 0x00000000ef880000, 0x0000000100000000)
  eden space 248832K, 0% used [0x00000000d7000000,0x00000000d7000000,0x00000000e6300000)
  from space 13824K, 0% used [0x00000000e6300000,0x00000000e6300000,0x00000000e7080000)
  to   space 14848K, 0% used [0x00000000eea00000,0x00000000eea00000,0x00000000ef880000)
 ParOldGen       total 87040K, used 16480K [0x0000000085000000, 0x000000008a500000, 0x00000000d7000000)
  object space 87040K, 18% used [0x0000000085000000,0x0000000086018340,0x000000008a500000)
 Metaspace       used 34867K, capacity 35198K, committed 35416K, reserved 1079296K
  class space    used 4923K, capacity 5029K, committed 5120K, reserved 1048576K
}

