# JRE version: OpenJDK Runtime Environment (8.0_91-b14) (build 1.8.0_91-8u91-b14-3ubuntu1~16.04.1-b14)
# Java VM: OpenJDK 64-Bit Server VM (25.91-b14 mixed mode linux-amd64 compressed oops)
Heap:
 PSYoungGen      total 230400K, used 134630K [0x00000000d7000000, 0x00000000e6100000, 0x0000000100000000)
  eden space 217600K, 61% used [0x00000000d7000000,0x00000000df379ba8,0x00000000e4480000)
  from space 12800K, 0% used [0x00000000e5200000,0x00000000e5200000,0x00000000e5e80000)
  to   space 13824K, 0% used [0x00000000e4480000,0x00000000e4480000,0x00000000e5200000)
 ParOldGen       total 80896K, used 16324K [0x0000000085000000, 0x0000000089f00000, 0x00000000d7000000)
  object space 80896K, 20% used [0x0000000085000000,0x0000000085ff1030,0x0000000089f00000)
 Metaspace       used 44233K, capacity 44706K, committed 44928K, reserved 1087488K
  class space    used 6607K, capacity 6744K, committed 6784K, reserved 1048576K
GC Heap History (10 events):
Event: 6.285 GC heap before
{Heap before GC invocations=6 (full 0):
 PSYoungGen      total 68608K, used 50417K [0x00000000d7000000, 0x00000000dfc00000, 0x0000000100000000)
  eden space 63488K, 71% used [0x00000000d7000000,0x00000000d9c3cdc8,0x00000000dae00000)
  from space 5120K, 99% used [0x00000000dae00000,0x00000000db2ff8c0,0x00000000db300000)
  to   space 8192K, 0% used [0x00000000df400000,0x00000000df400000,0x00000000dfc00000)
 ParOldGen       total 84992K, used 3008K [0x0000000085000000, 0x000000008a300000, 0x00000000d7000000)
  object space 84992K, 3% used [0x0000000085000000,0x00000000852f0240,0x000000008a300000)
 Metaspace       used 20904K, capacity 21186K, committed 21248K, reserved 1067008K
  class space    used 2727K, capacity 2813K, committed 2816K, reserved 1048576K
Event: 6.295 GC heap after
Heap after GC invocations=6 (full 0):
 PSYoungGen      total 133120K, used 8185K [0x00000000d7000000, 0x00000000e0000000, 0x0000000100000000)
  eden space 124928K, 0% used [0x00000000d7000000,0x00000000d7000000,0x00000000dea00000)
  from space 8192K, 99% used [0x00000000df400000,0x00000000dfbfe6f8,0x00000000dfc00000)
  to   space 10240K, 0% used [0x00000000dea00000,0x00000000dea00000,0x00000000df400000)
 ParOldGen       total 84992K, used 4628K [0x0000000085000000, 0x000000008a300000, 0x00000000d7000000)
  object space 84992K, 5% used [0x0000000085000000,0x0000000085485310,0x000000008a300000)
 Metaspace       used 20904K, capacity 21186K, committed 21248K, reserved 1067008K
  class space    used 2727K, capacity 2813K, committed 2816K, reserved 1048576K
}
Event: 6.295 GC heap before
{Heap before GC invocations=7 (full 1):
 PSYoungGen      total 133120K, used 8185K [0x00000000d7000000, 0x00000000e0000000, 0x0000000100000000)
  eden space 124928K, 0% used [0x00000000d7000000,0x00000000d7000000,0x00000000dea00000)
  from space 8192K, 99% used [0x00000000df400000,0x00000000dfbfe6f8,0x00000000dfc00000)
  to   space 10240K, 0% used [0x00000000dea00000,0x00000000dea00000,0x00000000df400000)
 ParOldGen       total 84992K, used 4628K [0x0000000085000000, 0x000000008a300000, 0x00000000d7000000)
  object space 84992K, 5% used [0x0000000085000000,0x0000000085485310,0x000000008a300000)
 Metaspace       used 20904K, capacity 21186K, committed 21248K, reserved 1067008K
  class space    used 2727K, capacity 2813K, committed 2816K, reserved 1048576K
Event: 6.330 GC heap after
Heap after GC invocations=7 (full 1):
 PSYoungGen      total 133120K, used 0K [0x00000000d7000000, 0x00000000e0000000, 0x0000000100000000)
  eden space 124928K, 0% used [0x00000000d7000000,0x00000000d7000000,0x00000000dea00000)
  from space 8192K, 0% used [0x00000000df400000,0x00000000df400000,0x00000000dfc00000)
  to   space 10240K, 0% used [0x00000000dea00000,0x00000000dea00000,0x00000000df400000)
 ParOldGen       total 51712K, used 9679K [0x0000000085000000, 0x0000000088280000, 0x00000000d7000000)
  object space 51712K, 18% used [0x0000000085000000,0x0000000085973c90,0x0000000088280000)
 Metaspace       used 20882K, capacity 21150K, committed 21248K, reserved 1067008K
  class space    used 2724K, capacity 2807K, committed 2816K, reserved 1048576K
}
Event: 7.217 GC heap before
{Heap before GC invocations=8 (full 1):
 PSYoungGen      total 133120K, used 124928K [0x00000000d7000000, 0x00000000e0000000, 0x0000000100000000)
  eden space 124928K, 100% used [0x00000000d7000000,0x00000000dea00000,0x00000000dea00000)
  from space 8192K, 0% used [0x00000000df400000,0x00000000df400000,0x00000000dfc00000)
  to   space 10240K, 0% used [0x00000000dea00000,0x00000000dea00000,0x00000000df400000)
 ParOldGen       total 51712K, used 9679K [0x0000000085000000, 0x0000000088280000, 0x00000000d7000000)
  object space 51712K, 18% used [0x0000000085000000,0x0000000085973c90,0x0000000088280000)
 Metaspace       used 30239K, capacity 30552K, committed 30720K, reserved 1075200K
  class space    used 4113K, capacity 4228K, committed 4352K, reserved 1048576K
Event: 7.227 GC heap after
Heap after GC invocations=8 (full 1):
 PSYoungGen      total 135168K, used 10212K [0x00000000d7000000, 0x00000000e5e80000, 0x0000000100000000)
  eden space 124928K, 0% used [0x00000000d7000000,0x00000000d7000000,0x00000000dea00000)
  from space 10240K, 99% used [0x00000000dea00000,0x00000000df3f92e8,0x00000000df400000)
  to   space 12800K, 0% used [0x00000000e5200000,0x00000000e5200000,0x00000000e5e80000)
 ParOldGen       total 51712K, used 11439K [0x0000000085000000, 0x0000000088280000, 0x00000000d7000000)
  object space 51712K, 22% used [0x0000000085000000,0x0000000085b2be80,0x0000000088280000)
 Metaspace       used 30239K, capacity 30552K, committed 30720K, reserved 1075200K
  class space    used 4113K, capacity 4228K, committed 4352K, reserved 1048576K
}
Event: 7.772 GC heap before
{Heap before GC invocations=9 (full 1):
 PSYoungGen      total 135168K, used 63961K [0x00000000d7000000, 0x00000000e5e80000, 0x0000000100000000)
  eden space 124928K, 43% used [0x00000000d7000000,0x00000000da47d3e8,0x00000000dea00000)
  from space 10240K, 99% used [0x00000000dea00000,0x00000000df3f92e8,0x00000000df400000)
  to   space 12800K, 0% used [0x00000000e5200000,0x00000000e5200000,0x00000000e5e80000)
 ParOldGen       total 51712K, used 11439K [0x0000000085000000, 0x0000000088280000, 0x00000000d7000000)
  object space 51712K, 22% used [0x0000000085000000,0x0000000085b2be80,0x0000000088280000)
 Metaspace       used 34863K, capacity 35198K, committed 35416K, reserved 1079296K
  class space    used 4923K, capacity 5029K, committed 5120K, reserved 1048576K
Event: 7.782 GC heap after
Heap after GC invocations=9 (full 1):
 PSYoungGen      total 230400K, used 10268K [0x00000000d7000000, 0x00000000e6100000, 0x0000000100000000)
  eden space 217600K, 0% used [0x00000000d7000000,0x00000000d7000000,0x00000000e4480000)
  from space 12800K, 80% used [0x00000000e5200000,0x00000000e5c073b0,0x00000000e5e80000)
  to   space 13824K, 0% used [0x00000000e4480000,0x00000000e4480000,0x00000000e5200000)
 ParOldGen       total 51712K, used 11447K [0x0000000085000000, 0x0000000088280000, 0x00000000d7000000)
  object space 51712K, 22% used [0x0000000085000000,0x0000000085b2de80,0x0000000088280000)
 Metaspace       used 34863K, capacity 35198K, committed 35416K, reserved 1079296K
  class space    used 4923K, capacity 5029K, committed 5120K, reserved 1048576K
}
Event: 7.782 GC heap before
{Heap before GC invocations=10 (full 2):
 PSYoungGen      total 230400K, used 10268K [0x00000000d7000000, 0x00000000e6100000, 0x0000000100000000)
  eden space 217600K, 0% used [0x00000000d7000000,0x00000000d7000000,0x00000000e4480000)
  from space 12800K, 80% used [0x00000000e5200000,0x00000000e5c073b0,0x00000000e5e80000)
  to   space 13824K, 0% used [0x00000000e4480000,0x00000000e4480000,0x00000000e5200000)
 ParOldGen       total 51712K, used 11447K [0x0000000085000000, 0x0000000088280000, 0x00000000d7000000)
  object space 51712K, 22% used [0x0000000085000000,0x0000000085b2de80,0x0000000088280000)
 Metaspace       used 34863K, capacity 35198K, committed 35416K, reserved 1079296K
  class space    used 4923K, capacity 5029K, committed 5120K, reserved 1048576K
Event: 7.840 GC heap after
Heap after GC invocations=10 (full 2):
 PSYoungGen      total 230400K, used 0K [0x00000000d7000000, 0x00000000e6100000, 0x0000000100000000)
  eden space 217600K, 0% used [0x00000000d7000000,0x00000000d7000000,0x00000000e4480000)
  from space 12800K, 0% used [0x00000000e5200000,0x00000000e5200000,0x00000000e5e80000)
  to   space 13824K, 0% used [0x00000000e4480000,0x00000000e4480000,0x00000000e5200000)
 ParOldGen       total 80896K, used 16324K [0x0000000085000000, 0x0000000089f00000, 0x00000000d7000000)
  object space 80896K, 20% used [0x0000000085000000,0x0000000085ff1030,0x0000000089f00000)
 Metaspace       used 34863K, capacity 35198K, committed 35416K, reserved 1079296K
  class space    used 4923K, capacity 5029K, committed 5120K, reserved 1048576K
}

