# JRE version: OpenJDK Runtime Environment (8.0_91-b14) (build 1.8.0_91-8u91-b14-3ubuntu1~16.04.1-b14)
# Java VM: OpenJDK 64-Bit Server VM (25.91-b14 mixed mode linux-amd64 compressed oops)
Heap:
 PSYoungGen      total 249856K, used 138307K [0x00000000d7000000, 0x00000000e7400000, 0x0000000100000000)
  eden space 237056K, 58% used [0x00000000d7000000,0x00000000df710e88,0x00000000e5780000)
  from space 12800K, 0% used [0x00000000e6500000,0x00000000e6500000,0x00000000e7180000)
  to   space 13824K, 0% used [0x00000000e5780000,0x00000000e5780000,0x00000000e6500000)
 ParOldGen       total 76288K, used 15955K [0x0000000085000000, 0x0000000089a80000, 0x00000000d7000000)
  object space 76288K, 20% used [0x0000000085000000,0x0000000085f94c08,0x0000000089a80000)
 Metaspace       used 44668K, capacity 45158K, committed 45400K, reserved 1087488K
  class space    used 6607K, capacity 6744K, committed 6784K, reserved 1048576K
GC Heap History (10 events):
Event: 23.201 GC heap before
{Heap before GC invocations=6 (full 0):
 PSYoungGen      total 68608K, used 49124K [0x00000000d7000000, 0x00000000dfc00000, 0x0000000100000000)
  eden space 63488K, 69% used [0x00000000d7000000,0x00000000d9afc1e0,0x00000000dae00000)
  from space 5120K, 99% used [0x00000000dae00000,0x00000000db2fcfb0,0x00000000db300000)
  to   space 8192K, 0% used [0x00000000df400000,0x00000000df400000,0x00000000dfc00000)
 ParOldGen       total 84992K, used 2954K [0x0000000085000000, 0x000000008a300000, 0x00000000d7000000)
  object space 84992K, 3% used [0x0000000085000000,0x00000000852e28f0,0x000000008a300000)
 Metaspace       used 20823K, capacity 21110K, committed 21248K, reserved 1067008K
  class space    used 2655K, capacity 2745K, committed 2816K, reserved 1048576K
Event: 23.213 GC heap after
Heap after GC invocations=6 (full 0):
 PSYoungGen      total 133120K, used 8187K [0x00000000d7000000, 0x00000000e0000000, 0x0000000100000000)
  eden space 124928K, 0% used [0x00000000d7000000,0x00000000d7000000,0x00000000dea00000)
  from space 8192K, 99% used [0x00000000df400000,0x00000000dfbfee88,0x00000000dfc00000)
  to   space 10240K, 0% used [0x00000000dea00000,0x00000000dea00000,0x00000000df400000)
 ParOldGen       total 84992K, used 4237K [0x0000000085000000, 0x000000008a300000, 0x00000000d7000000)
  object space 84992K, 4% used [0x0000000085000000,0x00000000854235b8,0x000000008a300000)
 Metaspace       used 20823K, capacity 21110K, committed 21248K, reserved 1067008K
  class space    used 2655K, capacity 2745K, committed 2816K, reserved 1048576K
}
Event: 23.213 GC heap before
{Heap before GC invocations=7 (full 1):
 PSYoungGen      total 133120K, used 8187K [0x00000000d7000000, 0x00000000e0000000, 0x0000000100000000)
  eden space 124928K, 0% used [0x00000000d7000000,0x00000000d7000000,0x00000000dea00000)
  from space 8192K, 99% used [0x00000000df400000,0x00000000dfbfee88,0x00000000dfc00000)
  to   space 10240K, 0% used [0x00000000dea00000,0x00000000dea00000,0x00000000df400000)
 ParOldGen       total 84992K, used 4237K [0x0000000085000000, 0x000000008a300000, 0x00000000d7000000)
  object space 84992K, 4% used [0x0000000085000000,0x00000000854235b8,0x000000008a300000)
 Metaspace       used 20823K, capacity 21110K, committed 21248K, reserved 1067008K
  class space    used 2655K, capacity 2745K, committed 2816K, reserved 1048576K
Event: 23.255 GC heap after
Heap after GC invocations=7 (full 1):
 PSYoungGen      total 133120K, used 0K [0x00000000d7000000, 0x00000000e0000000, 0x0000000100000000)
  eden space 124928K, 0% used [0x00000000d7000000,0x00000000d7000000,0x00000000dea00000)
  from space 8192K, 0% used [0x00000000df400000,0x00000000df400000,0x00000000dfc00000)
  to   space 10240K, 0% used [0x00000000dea00000,0x00000000dea00000,0x00000000df400000)
 ParOldGen       total 46592K, used 9425K [0x0000000085000000, 0x0000000087d80000, 0x00000000d7000000)
  object space 46592K, 20% used [0x0000000085000000,0x00000000859346f0,0x0000000087d80000)
 Metaspace       used 20800K, capacity 21074K, committed 21248K, reserved 1067008K
  class space    used 2652K, capacity 2739K, committed 2816K, reserved 1048576K
}
Event: 24.374 GC heap before
{Heap before GC invocations=8 (full 1):
 PSYoungGen      total 133120K, used 124928K [0x00000000d7000000, 0x00000000e0000000, 0x0000000100000000)
  eden space 124928K, 100% used [0x00000000d7000000,0x00000000dea00000,0x00000000dea00000)
  from space 8192K, 0% used [0x00000000df400000,0x00000000df400000,0x00000000dfc00000)
  to   space 10240K, 0% used [0x00000000dea00000,0x00000000dea00000,0x00000000df400000)
 ParOldGen       total 46592K, used 9425K [0x0000000085000000, 0x0000000087d80000, 0x00000000d7000000)
  object space 46592K, 20% used [0x0000000085000000,0x00000000859346f0,0x0000000087d80000)
 Metaspace       used 30588K, capacity 30940K, committed 31232K, reserved 1077248K
  class space    used 4120K, capacity 4228K, committed 4352K, reserved 1048576K
Event: 24.394 GC heap after
Heap after GC invocations=8 (full 1):
 PSYoungGen      total 135168K, used 10209K [0x00000000d7000000, 0x00000000e7180000, 0x0000000100000000)
  eden space 124928K, 0% used [0x00000000d7000000,0x00000000d7000000,0x00000000dea00000)
  from space 10240K, 99% used [0x00000000dea00000,0x00000000df3f8610,0x00000000df400000)
  to   space 12800K, 0% used [0x00000000e6500000,0x00000000e6500000,0x00000000e7180000)
 ParOldGen       total 46592K, used 11472K [0x0000000085000000, 0x0000000087d80000, 0x00000000d7000000)
  object space 46592K, 24% used [0x0000000085000000,0x0000000085b34338,0x0000000087d80000)
 Metaspace       used 30588K, capacity 30940K, committed 31232K, reserved 1077248K
  class space    used 4120K, capacity 4228K, committed 4352K, reserved 1048576K
}
Event: 25.103 GC heap before
{Heap before GC invocations=9 (full 1):
 PSYoungGen      total 135168K, used 58992K [0x00000000d7000000, 0x00000000e7180000, 0x0000000100000000)
  eden space 124928K, 39% used [0x00000000d7000000,0x00000000d9fa3b28,0x00000000dea00000)
  from space 10240K, 99% used [0x00000000dea00000,0x00000000df3f8610,0x00000000df400000)
  to   space 12800K, 0% used [0x00000000e6500000,0x00000000e6500000,0x00000000e7180000)
 ParOldGen       total 46592K, used 11472K [0x0000000085000000, 0x0000000087d80000, 0x00000000d7000000)
  object space 46592K, 24% used [0x0000000085000000,0x0000000085b34338,0x0000000087d80000)
 Metaspace       used 34877K, capacity 35266K, committed 35416K, reserved 1079296K
  class space    used 4840K, capacity 4965K, committed 4992K, reserved 1048576K
Event: 25.118 GC heap after
Heap after GC invocations=9 (full 1):
 PSYoungGen      total 249856K, used 9986K [0x00000000d7000000, 0x00000000e7400000, 0x0000000100000000)
  eden space 237056K, 0% used [0x00000000d7000000,0x00000000d7000000,0x00000000e5780000)
  from space 12800K, 78% used [0x00000000e6500000,0x00000000e6ec08f0,0x00000000e7180000)
  to   space 13824K, 0% used [0x00000000e5780000,0x00000000e5780000,0x00000000e6500000)
 ParOldGen       total 46592K, used 11480K [0x0000000085000000, 0x0000000087d80000, 0x00000000d7000000)
  object space 46592K, 24% used [0x0000000085000000,0x0000000085b36338,0x0000000087d80000)
 Metaspace       used 34877K, capacity 35266K, committed 35416K, reserved 1079296K
  class space    used 4840K, capacity 4965K, committed 4992K, reserved 1048576K
}
Event: 25.118 GC heap before
{Heap before GC invocations=10 (full 2):
 PSYoungGen      total 249856K, used 9986K [0x00000000d7000000, 0x00000000e7400000, 0x0000000100000000)
  eden space 237056K, 0% used [0x00000000d7000000,0x00000000d7000000,0x00000000e5780000)
  from space 12800K, 78% used [0x00000000e6500000,0x00000000e6ec08f0,0x00000000e7180000)
  to   space 13824K, 0% used [0x00000000e5780000,0x00000000e5780000,0x00000000e6500000)
 ParOldGen       total 46592K, used 11480K [0x0000000085000000, 0x0000000087d80000, 0x00000000d7000000)
  object space 46592K, 24% used [0x0000000085000000,0x0000000085b36338,0x0000000087d80000)
 Metaspace       used 34877K, capacity 35266K, committed 35416K, reserved 1079296K
  class space    used 4840K, capacity 4965K, committed 4992K, reserved 1048576K
Event: 25.238 GC heap after
Heap after GC invocations=10 (full 2):
 PSYoungGen      total 249856K, used 0K [0x00000000d7000000, 0x00000000e7400000, 0x0000000100000000)
  eden space 237056K, 0% used [0x00000000d7000000,0x00000000d7000000,0x00000000e5780000)
  from space 12800K, 0% used [0x00000000e6500000,0x00000000e6500000,0x00000000e7180000)
  to   space 13824K, 0% used [0x00000000e5780000,0x00000000e5780000,0x00000000e6500000)
 ParOldGen       total 76288K, used 15955K [0x0000000085000000, 0x0000000089a80000, 0x00000000d7000000)
  object space 76288K, 20% used [0x0000000085000000,0x0000000085f94c08,0x0000000089a80000)
 Metaspace       used 34877K, capacity 35266K, committed 35416K, reserved 1079296K
  class space    used 4840K, capacity 4965K, committed 4992K, reserved 1048576K
}

