# JRE version: OpenJDK Runtime Environment (8.0_91-b14) (build 1.8.0_91-8u91-b14-3ubuntu1~16.04.1-b14)
# Java VM: OpenJDK 64-Bit Server VM (25.91-b14 mixed mode linux-amd64 compressed oops)
Heap:
 PSYoungGen      total 185344K, used 94094K [0x00000000d7000000, 0x00000000e5900000, 0x0000000100000000)
  eden space 174080K, 54% used [0x00000000d7000000,0x00000000dcbe3b40,0x00000000e1a00000)
  from space 11264K, 0% used [0x00000000e2480000,0x00000000e2480000,0x00000000e2f80000)
  to   space 10752K, 0% used [0x00000000e1a00000,0x00000000e1a00000,0x00000000e2480000)
 ParOldGen       total 74752K, used 11790K [0x0000000085000000, 0x0000000089900000, 0x00000000d7000000)
  object space 74752K, 15% used [0x0000000085000000,0x0000000085b83b18,0x0000000089900000)
 Metaspace       used 41388K, capacity 41792K, committed 42112K, reserved 1085440K
  class space    used 6279K, capacity 6407K, committed 6528K, reserved 1048576K
GC Heap History (10 events):
Event: 4.296 GC heap before
{Heap before GC invocations=6 (full 1):
 PSYoungGen      total 68608K, used 5118K [0x00000000d7000000, 0x00000000dfc00000, 0x0000000100000000)
  eden space 63488K, 0% used [0x00000000d7000000,0x00000000d7000000,0x00000000dae00000)
  from space 5120K, 99% used [0x00000000dae00000,0x00000000db2ffb40,0x00000000db300000)
  to   space 8192K, 0% used [0x00000000df400000,0x00000000df400000,0x00000000dfc00000)
 ParOldGen       total 84992K, used 2675K [0x0000000085000000, 0x000000008a300000, 0x00000000d7000000)
  object space 84992K, 3% used [0x0000000085000000,0x000000008529cee0,0x000000008a300000)
 Metaspace       used 20879K, capacity 21142K, committed 21296K, reserved 1067008K
  class space    used 2782K, capacity 2899K, committed 2944K, reserved 1048576K
Event: 4.342 GC heap after
Heap after GC invocations=6 (full 1):
 PSYoungGen      total 68608K, used 0K [0x00000000d7000000, 0x00000000dfc00000, 0x0000000100000000)
  eden space 63488K, 0% used [0x00000000d7000000,0x00000000d7000000,0x00000000dae00000)
  from space 5120K, 0% used [0x00000000dae00000,0x00000000dae00000,0x00000000db300000)
  to   space 8192K, 0% used [0x00000000df400000,0x00000000df400000,0x00000000dfc00000)
 ParOldGen       total 49152K, used 5922K [0x0000000085000000, 0x0000000088000000, 0x00000000d7000000)
  object space 49152K, 12% used [0x0000000085000000,0x00000000855c89f0,0x0000000088000000)
 Metaspace       used 20879K, capacity 21142K, committed 21296K, reserved 1067008K
  class space    used 2782K, capacity 2899K, committed 2944K, reserved 1048576K
}
Event: 4.825 GC heap before
{Heap before GC invocations=7 (full 1):
 PSYoungGen      total 68608K, used 63488K [0x00000000d7000000, 0x00000000dfc00000, 0x0000000100000000)
  eden space 63488K, 100% used [0x00000000d7000000,0x00000000dae00000,0x00000000dae00000)
  from space 5120K, 0% used [0x00000000dae00000,0x00000000dae00000,0x00000000db300000)
  to   space 8192K, 0% used [0x00000000df400000,0x00000000df400000,0x00000000dfc00000)
 ParOldGen       total 49152K, used 5922K [0x0000000085000000, 0x0000000088000000, 0x00000000d7000000)
  object space 49152K, 12% used [0x0000000085000000,0x00000000855c89f0,0x0000000088000000)
 Metaspace       used 25687K, capacity 26006K, committed 26240K, reserved 1071104K
  class space    used 3505K, capacity 3603K, committed 3712K, reserved 1048576K
Event: 4.830 GC heap after
Heap after GC invocations=7 (full 1):
 PSYoungGen      total 112128K, used 6030K [0x00000000d7000000, 0x00000000dfa00000, 0x0000000100000000)
  eden space 105984K, 0% used [0x00000000d7000000,0x00000000d7000000,0x00000000dd780000)
  from space 6144K, 98% used [0x00000000df400000,0x00000000df9e3ae8,0x00000000dfa00000)
  to   space 8192K, 0% used [0x00000000dea00000,0x00000000dea00000,0x00000000df200000)
 ParOldGen       total 49152K, used 5930K [0x0000000085000000, 0x0000000088000000, 0x00000000d7000000)
  object space 49152K, 12% used [0x0000000085000000,0x00000000855ca9f0,0x0000000088000000)
 Metaspace       used 25687K, capacity 26006K, committed 26240K, reserved 1071104K
  class space    used 3505K, capacity 3603K, committed 3712K, reserved 1048576K
}
Event: 5.883 GC heap before
{Heap before GC invocations=8 (full 1):
 PSYoungGen      total 112128K, used 112014K [0x00000000d7000000, 0x00000000dfa00000, 0x0000000100000000)
  eden space 105984K, 100% used [0x00000000d7000000,0x00000000dd780000,0x00000000dd780000)
  from space 6144K, 98% used [0x00000000df400000,0x00000000df9e3ae8,0x00000000dfa00000)
  to   space 8192K, 0% used [0x00000000dea00000,0x00000000dea00000,0x00000000df200000)
 ParOldGen       total 49152K, used 5930K [0x0000000085000000, 0x0000000088000000, 0x00000000d7000000)
  object space 49152K, 12% used [0x0000000085000000,0x00000000855ca9f0,0x0000000088000000)
 Metaspace       used 34167K, capacity 34492K, committed 34688K, reserved 1079296K
  class space    used 4871K, capacity 4980K, committed 4992K, reserved 1048576K
Event: 5.896 GC heap after
Heap after GC invocations=8 (full 1):
 PSYoungGen      total 133120K, used 8174K [0x00000000d7000000, 0x00000000e2f80000, 0x0000000100000000)
  eden space 124928K, 0% used [0x00000000d7000000,0x00000000d7000000,0x00000000dea00000)
  from space 8192K, 99% used [0x00000000dea00000,0x00000000df1fba30,0x00000000df200000)
  to   space 11264K, 0% used [0x00000000e2480000,0x00000000e2480000,0x00000000e2f80000)
 ParOldGen       total 49152K, used 10156K [0x0000000085000000, 0x0000000088000000, 0x00000000d7000000)
  object space 49152K, 20% used [0x0000000085000000,0x00000000859eb048,0x0000000088000000)
 Metaspace       used 34167K, capacity 34492K, committed 34688K, reserved 1079296K
  class space    used 4871K, capacity 4980K, committed 4992K, reserved 1048576K
}
Event: 6.037 GC heap before
{Heap before GC invocations=9 (full 1):
 PSYoungGen      total 133120K, used 26842K [0x00000000d7000000, 0x00000000e2f80000, 0x0000000100000000)
  eden space 124928K, 14% used [0x00000000d7000000,0x00000000d823b180,0x00000000dea00000)
  from space 8192K, 99% used [0x00000000dea00000,0x00000000df1fba30,0x00000000df200000)
  to   space 11264K, 0% used [0x00000000e2480000,0x00000000e2480000,0x00000000e2f80000)
 ParOldGen       total 49152K, used 10156K [0x0000000085000000, 0x0000000088000000, 0x00000000d7000000)
  object space 49152K, 20% used [0x0000000085000000,0x00000000859eb048,0x0000000088000000)
 Metaspace       used 35045K, capacity 35292K, committed 35456K, reserved 1079296K
  class space    used 5033K, capacity 5140K, committed 5248K, reserved 1048576K
Event: 6.046 GC heap after
Heap after GC invocations=9 (full 1):
 PSYoungGen      total 185344K, used 6113K [0x00000000d7000000, 0x00000000e5900000, 0x0000000100000000)
  eden space 174080K, 0% used [0x00000000d7000000,0x00000000d7000000,0x00000000e1a00000)
  from space 11264K, 54% used [0x00000000e2480000,0x00000000e2a78730,0x00000000e2f80000)
  to   space 10752K, 0% used [0x00000000e1a00000,0x00000000e1a00000,0x00000000e2480000)
 ParOldGen       total 49152K, used 10164K [0x0000000085000000, 0x0000000088000000, 0x00000000d7000000)
  object space 49152K, 20% used [0x0000000085000000,0x00000000859ed048,0x0000000088000000)
 Metaspace       used 35045K, capacity 35292K, committed 35456K, reserved 1079296K
  class space    used 5033K, capacity 5140K, committed 5248K, reserved 1048576K
}
Event: 6.046 GC heap before
{Heap before GC invocations=10 (full 2):
 PSYoungGen      total 185344K, used 6113K [0x00000000d7000000, 0x00000000e5900000, 0x0000000100000000)
  eden space 174080K, 0% used [0x00000000d7000000,0x00000000d7000000,0x00000000e1a00000)
  from space 11264K, 54% used [0x00000000e2480000,0x00000000e2a78730,0x00000000e2f80000)
  to   space 10752K, 0% used [0x00000000e1a00000,0x00000000e1a00000,0x00000000e2480000)
 ParOldGen       total 49152K, used 10164K [0x0000000085000000, 0x0000000088000000, 0x00000000d7000000)
  object space 49152K, 20% used [0x0000000085000000,0x00000000859ed048,0x0000000088000000)
 Metaspace       used 35045K, capacity 35292K, committed 35456K, reserved 1079296K
  class space    used 5033K, capacity 5140K, committed 5248K, reserved 1048576K
Event: 6.106 GC heap after
Heap after GC invocations=10 (full 2):
 PSYoungGen      total 185344K, used 0K [0x00000000d7000000, 0x00000000e5900000, 0x0000000100000000)
  eden space 174080K, 0% used [0x00000000d7000000,0x00000000d7000000,0x00000000e1a00000)
  from space 11264K, 0% used [0x00000000e2480000,0x00000000e2480000,0x00000000e2f80000)
  to   space 10752K, 0% used [0x00000000e1a00000,0x00000000e1a00000,0x00000000e2480000)
 ParOldGen       total 74752K, used 11790K [0x0000000085000000, 0x0000000089900000, 0x00000000d7000000)
  object space 74752K, 15% used [0x0000000085000000,0x0000000085b83b18,0x0000000089900000)
 Metaspace       used 35045K, capacity 35292K, committed 35456K, reserved 1079296K
  class space    used 5033K, capacity 5140K, committed 5248K, reserved 1048576K
}

