# JRE version: OpenJDK Runtime Environment (8.0_91-b14) (build 1.8.0_91-8u91-b14-3ubuntu1~16.04.1-b14)
# Java VM: OpenJDK 64-Bit Server VM (25.91-b14 mixed mode linux-amd64 compressed oops)
Heap:
 PSYoungGen      total 208384K, used 90264K [0x00000000d7000000, 0x00000000e6300000, 0x0000000100000000)
  eden space 197120K, 45% used [0x00000000d7000000,0x00000000dc826228,0x00000000e3080000)
  from space 11264K, 0% used [0x00000000e3b00000,0x00000000e3b00000,0x00000000e4600000)
  to   space 10752K, 0% used [0x00000000e3080000,0x00000000e3080000,0x00000000e3b00000)
 ParOldGen       total 66048K, used 11577K [0x0000000085000000, 0x0000000089080000, 0x00000000d7000000)
  object space 66048K, 17% used [0x0000000085000000,0x0000000085b4e618,0x0000000089080000)
 Metaspace       used 41411K, capacity 41776K, committed 42112K, reserved 1085440K
  class space    used 6295K, capacity 6407K, committed 6528K, reserved 1048576K
GC Heap History (10 events):
Event: 4.179 GC heap before
{Heap before GC invocations=6 (full 1):
 PSYoungGen      total 68608K, used 5107K [0x00000000d7000000, 0x00000000dfc00000, 0x0000000100000000)
  eden space 63488K, 0% used [0x00000000d7000000,0x00000000d7000000,0x00000000dae00000)
  from space 5120K, 99% used [0x00000000dae00000,0x00000000db2fcff0,0x00000000db300000)
  to   space 8192K, 0% used [0x00000000df400000,0x00000000df400000,0x00000000dfc00000)
 ParOldGen       total 84992K, used 2985K [0x0000000085000000, 0x000000008a300000, 0x00000000d7000000)
  object space 84992K, 3% used [0x0000000085000000,0x00000000852ea4c8,0x000000008a300000)
 Metaspace       used 20845K, capacity 21126K, committed 21296K, reserved 1067008K
  class space    used 2781K, capacity 2899K, committed 2944K, reserved 1048576K
Event: 4.208 GC heap after
Heap after GC invocations=6 (full 1):
 PSYoungGen      total 68608K, used 0K [0x00000000d7000000, 0x00000000dfc00000, 0x0000000100000000)
  eden space 63488K, 0% used [0x00000000d7000000,0x00000000d7000000,0x00000000dae00000)
  from space 5120K, 0% used [0x00000000dae00000,0x00000000dae00000,0x00000000db300000)
  to   space 8192K, 0% used [0x00000000df400000,0x00000000df400000,0x00000000dfc00000)
 ParOldGen       total 46592K, used 6138K [0x0000000085000000, 0x0000000087d80000, 0x00000000d7000000)
  object space 46592K, 13% used [0x0000000085000000,0x00000000855fe988,0x0000000087d80000)
 Metaspace       used 20845K, capacity 21126K, committed 21296K, reserved 1067008K
  class space    used 2781K, capacity 2899K, committed 2944K, reserved 1048576K
}
Event: 4.701 GC heap before
{Heap before GC invocations=7 (full 1):
 PSYoungGen      total 68608K, used 63488K [0x00000000d7000000, 0x00000000dfc00000, 0x0000000100000000)
  eden space 63488K, 100% used [0x00000000d7000000,0x00000000dae00000,0x00000000dae00000)
  from space 5120K, 0% used [0x00000000dae00000,0x00000000dae00000,0x00000000db300000)
  to   space 8192K, 0% used [0x00000000df400000,0x00000000df400000,0x00000000dfc00000)
 ParOldGen       total 46592K, used 6138K [0x0000000085000000, 0x0000000087d80000, 0x00000000d7000000)
  object space 46592K, 13% used [0x0000000085000000,0x00000000855fe988,0x0000000087d80000)
 Metaspace       used 25608K, capacity 25862K, committed 26240K, reserved 1071104K
  class space    used 3500K, capacity 3603K, committed 3712K, reserved 1048576K
Event: 4.706 GC heap after
Heap after GC invocations=7 (full 1):
 PSYoungGen      total 118784K, used 5725K [0x00000000d7000000, 0x00000000dfa00000, 0x0000000100000000)
  eden space 112640K, 0% used [0x00000000d7000000,0x00000000d7000000,0x00000000dde00000)
  from space 6144K, 93% used [0x00000000df400000,0x00000000df9977d8,0x00000000dfa00000)
  to   space 8192K, 0% used [0x00000000dea00000,0x00000000dea00000,0x00000000df200000)
 ParOldGen       total 46592K, used 6146K [0x0000000085000000, 0x0000000087d80000, 0x00000000d7000000)
  object space 46592K, 13% used [0x0000000085000000,0x0000000085600988,0x0000000087d80000)
 Metaspace       used 25608K, capacity 25862K, committed 26240K, reserved 1071104K
  class space    used 3500K, capacity 3603K, committed 3712K, reserved 1048576K
}
Event: 5.573 GC heap before
{Heap before GC invocations=8 (full 1):
 PSYoungGen      total 118784K, used 118365K [0x00000000d7000000, 0x00000000dfa00000, 0x0000000100000000)
  eden space 112640K, 100% used [0x00000000d7000000,0x00000000dde00000,0x00000000dde00000)
  from space 6144K, 93% used [0x00000000df400000,0x00000000df9977d8,0x00000000dfa00000)
  to   space 8192K, 0% used [0x00000000dea00000,0x00000000dea00000,0x00000000df200000)
 ParOldGen       total 46592K, used 6146K [0x0000000085000000, 0x0000000087d80000, 0x00000000d7000000)
  object space 46592K, 13% used [0x0000000085000000,0x0000000085600988,0x0000000087d80000)
 Metaspace       used 34404K, capacity 34700K, committed 35072K, reserved 1079296K
  class space    used 4906K, capacity 5012K, committed 5120K, reserved 1048576K
Event: 5.584 GC heap after
Heap after GC invocations=8 (full 1):
 PSYoungGen      total 133120K, used 8188K [0x00000000d7000000, 0x00000000e4600000, 0x0000000100000000)
  eden space 124928K, 0% used [0x00000000d7000000,0x00000000d7000000,0x00000000dea00000)
  from space 8192K, 99% used [0x00000000dea00000,0x00000000df1ff0f8,0x00000000df200000)
  to   space 11264K, 0% used [0x00000000e3b00000,0x00000000e3b00000,0x00000000e4600000)
 ParOldGen       total 46592K, used 10587K [0x0000000085000000, 0x0000000087d80000, 0x00000000d7000000)
  object space 46592K, 22% used [0x0000000085000000,0x0000000085a56e88,0x0000000087d80000)
 Metaspace       used 34404K, capacity 34700K, committed 35072K, reserved 1079296K
  class space    used 4906K, capacity 5012K, committed 5120K, reserved 1048576K
}
Event: 5.692 GC heap before
{Heap before GC invocations=9 (full 1):
 PSYoungGen      total 133120K, used 23536K [0x00000000d7000000, 0x00000000e4600000, 0x0000000100000000)
  eden space 124928K, 12% used [0x00000000d7000000,0x00000000d7efcf18,0x00000000dea00000)
  from space 8192K, 99% used [0x00000000dea00000,0x00000000df1ff0f8,0x00000000df200000)
  to   space 11264K, 0% used [0x00000000e3b00000,0x00000000e3b00000,0x00000000e4600000)
 ParOldGen       total 46592K, used 10587K [0x0000000085000000, 0x0000000087d80000, 0x00000000d7000000)
  object space 46592K, 22% used [0x0000000085000000,0x0000000085a56e88,0x0000000087d80000)
 Metaspace       used 35071K, capacity 35308K, committed 35456K, reserved 1079296K
  class space    used 5065K, capacity 5172K, committed 5248K, reserved 1048576K
Event: 5.700 GC heap after
Heap after GC invocations=9 (full 1):
 PSYoungGen      total 208384K, used 5581K [0x00000000d7000000, 0x00000000e6300000, 0x0000000100000000)
  eden space 197120K, 0% used [0x00000000d7000000,0x00000000d7000000,0x00000000e3080000)
  from space 11264K, 49% used [0x00000000e3b00000,0x00000000e4073450,0x00000000e4600000)
  to   space 10752K, 0% used [0x00000000e3080000,0x00000000e3080000,0x00000000e3b00000)
 ParOldGen       total 46592K, used 10587K [0x0000000085000000, 0x0000000087d80000, 0x00000000d7000000)
  object space 46592K, 22% used [0x0000000085000000,0x0000000085a56e88,0x0000000087d80000)
 Metaspace       used 35071K, capacity 35308K, committed 35456K, reserved 1079296K
  class space    used 5065K, capacity 5172K, committed 5248K, reserved 1048576K
}
Event: 5.700 GC heap before
{Heap before GC invocations=10 (full 2):
 PSYoungGen      total 208384K, used 5581K [0x00000000d7000000, 0x00000000e6300000, 0x0000000100000000)
  eden space 197120K, 0% used [0x00000000d7000000,0x00000000d7000000,0x00000000e3080000)
  from space 11264K, 49% used [0x00000000e3b00000,0x00000000e4073450,0x00000000e4600000)
  to   space 10752K, 0% used [0x00000000e3080000,0x00000000e3080000,0x00000000e3b00000)
 ParOldGen       total 46592K, used 10587K [0x0000000085000000, 0x0000000087d80000, 0x00000000d7000000)
  object space 46592K, 22% used [0x0000000085000000,0x0000000085a56e88,0x0000000087d80000)
 Metaspace       used 35071K, capacity 35308K, committed 35456K, reserved 1079296K
  class space    used 5065K, capacity 5172K, committed 5248K, reserved 1048576K
Event: 5.732 GC heap after
Heap after GC invocations=10 (full 2):
 PSYoungGen      total 208384K, used 0K [0x00000000d7000000, 0x00000000e6300000, 0x0000000100000000)
  eden space 197120K, 0% used [0x00000000d7000000,0x00000000d7000000,0x00000000e3080000)
  from space 11264K, 0% used [0x00000000e3b00000,0x00000000e3b00000,0x00000000e4600000)
  to   space 10752K, 0% used [0x00000000e3080000,0x00000000e3080000,0x00000000e3b00000)
 ParOldGen       total 66048K, used 11577K [0x0000000085000000, 0x0000000089080000, 0x00000000d7000000)
  object space 66048K, 17% used [0x0000000085000000,0x0000000085b4e618,0x0000000089080000)
 Metaspace       used 35071K, capacity 35308K, committed 35456K, reserved 1079296K
  class space    used 5065K, capacity 5172K, committed 5248K, reserved 1048576K
}

