# JRE version: OpenJDK Runtime Environment (8.0_91-b14) (build 1.8.0_91-8u91-b14-3ubuntu1~16.04.1-b14)
# Java VM: OpenJDK 64-Bit Server VM (25.91-b14 mixed mode linux-amd64 compressed oops)
Heap:
 PSYoungGen      total 232448K, used 129813K [0x00000000d7000000, 0x00000000e6180000, 0x0000000100000000)
  eden space 219648K, 59% used [0x00000000d7000000,0x00000000deec57a0,0x00000000e4680000)
  from space 12800K, 0% used [0x00000000e5480000,0x00000000e5480000,0x00000000e6100000)
  to   space 13824K, 0% used [0x00000000e4680000,0x00000000e4680000,0x00000000e5400000)
 ParOldGen       total 79872K, used 16432K [0x0000000085000000, 0x0000000089e00000, 0x00000000d7000000)
  object space 79872K, 20% used [0x0000000085000000,0x000000008600c380,0x0000000089e00000)
 Metaspace       used 44235K, capacity 44706K, committed 44928K, reserved 1087488K
  class space    used 6610K, capacity 6744K, committed 6784K, reserved 1048576K
GC Heap History (10 events):
Event: 6.525 GC heap before
{Heap before GC invocations=6 (full 0):
 PSYoungGen      total 68608K, used 51910K [0x00000000d7000000, 0x00000000dfb00000, 0x0000000100000000)
  eden space 63488K, 73% used [0x00000000d7000000,0x00000000d9db48d0,0x00000000dae00000)
  from space 5120K, 99% used [0x00000000dae00000,0x00000000db2fcfb0,0x00000000db300000)
  to   space 7680K, 0% used [0x00000000df380000,0x00000000df380000,0x00000000dfb00000)
 ParOldGen       total 84992K, used 2906K [0x0000000085000000, 0x000000008a300000, 0x00000000d7000000)
  object space 84992K, 3% used [0x0000000085000000,0x00000000852d68e0,0x000000008a300000)
 Metaspace       used 20938K, capacity 21186K, committed 21248K, reserved 1067008K
  class space    used 2727K, capacity 2813K, committed 2816K, reserved 1048576K
Event: 6.534 GC heap after
Heap after GC invocations=6 (full 0):
 PSYoungGen      total 132096K, used 7678K [0x00000000d7000000, 0x00000000e0000000, 0x0000000100000000)
  eden space 124416K, 0% used [0x00000000d7000000,0x00000000d7000000,0x00000000de980000)
  from space 7680K, 99% used [0x00000000df380000,0x00000000dfaffa08,0x00000000dfb00000)
  to   space 10240K, 0% used [0x00000000de980000,0x00000000de980000,0x00000000df380000)
 ParOldGen       total 84992K, used 5097K [0x0000000085000000, 0x000000008a300000, 0x00000000d7000000)
  object space 84992K, 5% used [0x0000000085000000,0x00000000854fa430,0x000000008a300000)
 Metaspace       used 20938K, capacity 21186K, committed 21248K, reserved 1067008K
  class space    used 2727K, capacity 2813K, committed 2816K, reserved 1048576K
}
Event: 6.534 GC heap before
{Heap before GC invocations=7 (full 1):
 PSYoungGen      total 132096K, used 7678K [0x00000000d7000000, 0x00000000e0000000, 0x0000000100000000)
  eden space 124416K, 0% used [0x00000000d7000000,0x00000000d7000000,0x00000000de980000)
  from space 7680K, 99% used [0x00000000df380000,0x00000000dfaffa08,0x00000000dfb00000)
  to   space 10240K, 0% used [0x00000000de980000,0x00000000de980000,0x00000000df380000)
 ParOldGen       total 84992K, used 5097K [0x0000000085000000, 0x000000008a300000, 0x00000000d7000000)
  object space 84992K, 5% used [0x0000000085000000,0x00000000854fa430,0x000000008a300000)
 Metaspace       used 20938K, capacity 21186K, committed 21248K, reserved 1067008K
  class space    used 2727K, capacity 2813K, committed 2816K, reserved 1048576K
Event: 6.570 GC heap after
Heap after GC invocations=7 (full 1):
 PSYoungGen      total 132096K, used 0K [0x00000000d7000000, 0x00000000e0000000, 0x0000000100000000)
  eden space 124416K, 0% used [0x00000000d7000000,0x00000000d7000000,0x00000000de980000)
  from space 7680K, 0% used [0x00000000df380000,0x00000000df380000,0x00000000dfb00000)
  to   space 10240K, 0% used [0x00000000de980000,0x00000000de980000,0x00000000df380000)
 ParOldGen       total 51200K, used 9748K [0x0000000085000000, 0x0000000088200000, 0x00000000d7000000)
  object space 51200K, 19% used [0x0000000085000000,0x00000000859852d8,0x0000000088200000)
 Metaspace       used 20915K, capacity 21150K, committed 21248K, reserved 1067008K
  class space    used 2724K, capacity 2807K, committed 2816K, reserved 1048576K
}
Event: 7.471 GC heap before
{Heap before GC invocations=8 (full 1):
 PSYoungGen      total 132096K, used 124416K [0x00000000d7000000, 0x00000000e0000000, 0x0000000100000000)
  eden space 124416K, 100% used [0x00000000d7000000,0x00000000de980000,0x00000000de980000)
  from space 7680K, 0% used [0x00000000df380000,0x00000000df380000,0x00000000dfb00000)
  to   space 10240K, 0% used [0x00000000de980000,0x00000000de980000,0x00000000df380000)
 ParOldGen       total 51200K, used 9748K [0x0000000085000000, 0x0000000088200000, 0x00000000d7000000)
  object space 51200K, 19% used [0x0000000085000000,0x00000000859852d8,0x0000000088200000)
 Metaspace       used 30127K, capacity 30456K, committed 30592K, reserved 1075200K
  class space    used 4088K, capacity 4196K, committed 4224K, reserved 1048576K
Event: 7.485 GC heap after
Heap after GC invocations=8 (full 1):
 PSYoungGen      total 134656K, used 10212K [0x00000000d7000000, 0x00000000e6100000, 0x0000000100000000)
  eden space 124416K, 0% used [0x00000000d7000000,0x00000000d7000000,0x00000000de980000)
  from space 10240K, 99% used [0x00000000de980000,0x00000000df379138,0x00000000df380000)
  to   space 12800K, 0% used [0x00000000e5480000,0x00000000e5480000,0x00000000e6100000)
 ParOldGen       total 51200K, used 11336K [0x0000000085000000, 0x0000000088200000, 0x00000000d7000000)
  object space 51200K, 22% used [0x0000000085000000,0x0000000085b12038,0x0000000088200000)
 Metaspace       used 30127K, capacity 30456K, committed 30592K, reserved 1075200K
  class space    used 4088K, capacity 4196K, committed 4224K, reserved 1048576K
}
Event: 8.124 GC heap before
{Heap before GC invocations=9 (full 1):
 PSYoungGen      total 134656K, used 65470K [0x00000000d7000000, 0x00000000e6100000, 0x0000000100000000)
  eden space 124416K, 44% used [0x00000000d7000000,0x00000000da5f6878,0x00000000de980000)
  from space 10240K, 99% used [0x00000000de980000,0x00000000df379138,0x00000000df380000)
  to   space 12800K, 0% used [0x00000000e5480000,0x00000000e5480000,0x00000000e6100000)
 ParOldGen       total 51200K, used 11336K [0x0000000085000000, 0x0000000088200000, 0x00000000d7000000)
  object space 51200K, 22% used [0x0000000085000000,0x0000000085b12038,0x0000000088200000)
 Metaspace       used 34933K, capacity 35230K, committed 35416K, reserved 1079296K
  class space    used 4938K, capacity 5061K, committed 5120K, reserved 1048576K
Event: 8.133 GC heap after
Heap after GC invocations=9 (full 1):
 PSYoungGen      total 232448K, used 10398K [0x00000000d7000000, 0x00000000e6180000, 0x0000000100000000)
  eden space 219648K, 0% used [0x00000000d7000000,0x00000000d7000000,0x00000000e4680000)
  from space 12800K, 81% used [0x00000000e5480000,0x00000000e5ea7b08,0x00000000e6100000)
  to   space 13824K, 0% used [0x00000000e4680000,0x00000000e4680000,0x00000000e5400000)
 ParOldGen       total 51200K, used 11344K [0x0000000085000000, 0x0000000088200000, 0x00000000d7000000)
  object space 51200K, 22% used [0x0000000085000000,0x0000000085b14038,0x0000000088200000)
 Metaspace       used 34933K, capacity 35230K, committed 35416K, reserved 1079296K
  class space    used 4938K, capacity 5061K, committed 5120K, reserved 1048576K
}
Event: 8.133 GC heap before
{Heap before GC invocations=10 (full 2):
 PSYoungGen      total 232448K, used 10398K [0x00000000d7000000, 0x00000000e6180000, 0x0000000100000000)
  eden space 219648K, 0% used [0x00000000d7000000,0x00000000d7000000,0x00000000e4680000)
  from space 12800K, 81% used [0x00000000e5480000,0x00000000e5ea7b08,0x00000000e6100000)
  to   space 13824K, 0% used [0x00000000e4680000,0x00000000e4680000,0x00000000e5400000)
 ParOldGen       total 51200K, used 11344K [0x0000000085000000, 0x0000000088200000, 0x00000000d7000000)
  object space 51200K, 22% used [0x0000000085000000,0x0000000085b14038,0x0000000088200000)
 Metaspace       used 34933K, capacity 35230K, committed 35416K, reserved 1079296K
  class space    used 4938K, capacity 5061K, committed 5120K, reserved 1048576K
Event: 8.203 GC heap after
Heap after GC invocations=10 (full 2):
 PSYoungGen      total 232448K, used 0K [0x00000000d7000000, 0x00000000e6180000, 0x0000000100000000)
  eden space 219648K, 0% used [0x00000000d7000000,0x00000000d7000000,0x00000000e4680000)
  from space 12800K, 0% used [0x00000000e5480000,0x00000000e5480000,0x00000000e6100000)
  to   space 13824K, 0% used [0x00000000e4680000,0x00000000e4680000,0x00000000e5400000)
 ParOldGen       total 79872K, used 16432K [0x0000000085000000, 0x0000000089e00000, 0x00000000d7000000)
  object space 79872K, 20% used [0x0000000085000000,0x000000008600c380,0x0000000089e00000)
 Metaspace       used 34933K, capacity 35230K, committed 35416K, reserved 1079296K
  class space    used 4938K, capacity 5061K, committed 5120K, reserved 1048576K
}

