# JRE version: OpenJDK Runtime Environment (8.0_91-b14) (build 1.8.0_91-8u91-b14-3ubuntu1~16.04.1-b14)
# Java VM: OpenJDK 64-Bit Server VM (25.91-b14 mixed mode linux-amd64 compressed oops)
Heap:
 PSYoungGen      total 232448K, used 132466K [0x00000000d7000000, 0x00000000e6200000, 0x0000000100000000)
  eden space 219648K, 60% used [0x00000000d7000000,0x00000000df15c9e0,0x00000000e4680000)
  from space 12800K, 0% used [0x00000000e5400000,0x00000000e5400000,0x00000000e6080000)
  to   space 13824K, 0% used [0x00000000e4680000,0x00000000e4680000,0x00000000e5400000)
 ParOldGen       total 78336K, used 16583K [0x0000000085000000, 0x0000000089c80000, 0x00000000d7000000)
  object space 78336K, 21% used [0x0000000085000000,0x0000000086031f48,0x0000000089c80000)
 Metaspace       used 44208K, capacity 44702K, committed 44928K, reserved 1087488K
  class space    used 6606K, capacity 6744K, committed 6784K, reserved 1048576K
GC Heap History (10 events):
Event: 6.730 GC heap before
{Heap before GC invocations=6 (full 0):
 PSYoungGen      total 68608K, used 51740K [0x00000000d7000000, 0x00000000dfc00000, 0x0000000100000000)
  eden space 63488K, 73% used [0x00000000d7000000,0x00000000d9d8ba48,0x00000000dae00000)
  from space 5120K, 99% used [0x00000000dae00000,0x00000000db2fb8d0,0x00000000db300000)
  to   space 8192K, 0% used [0x00000000df400000,0x00000000df400000,0x00000000dfc00000)
 ParOldGen       total 84992K, used 2990K [0x0000000085000000, 0x000000008a300000, 0x00000000d7000000)
  object space 84992K, 3% used [0x0000000085000000,0x00000000852ebba0,0x000000008a300000)
 Metaspace       used 20919K, capacity 21182K, committed 21248K, reserved 1067008K
  class space    used 2727K, capacity 2813K, committed 2816K, reserved 1048576K
Event: 6.742 GC heap after
Heap after GC invocations=6 (full 0):
 PSYoungGen      total 133120K, used 8165K [0x00000000d7000000, 0x00000000e0000000, 0x0000000100000000)
  eden space 124928K, 0% used [0x00000000d7000000,0x00000000d7000000,0x00000000dea00000)
  from space 8192K, 99% used [0x00000000df400000,0x00000000dfbf96f0,0x00000000dfc00000)
  to   space 10240K, 0% used [0x00000000dea00000,0x00000000dea00000,0x00000000df400000)
 ParOldGen       total 84992K, used 4610K [0x0000000085000000, 0x000000008a300000, 0x00000000d7000000)
  object space 84992K, 5% used [0x0000000085000000,0x0000000085480a40,0x000000008a300000)
 Metaspace       used 20919K, capacity 21182K, committed 21248K, reserved 1067008K
  class space    used 2727K, capacity 2813K, committed 2816K, reserved 1048576K
}
Event: 6.742 GC heap before
{Heap before GC invocations=7 (full 1):
 PSYoungGen      total 133120K, used 8165K [0x00000000d7000000, 0x00000000e0000000, 0x0000000100000000)
  eden space 124928K, 0% used [0x00000000d7000000,0x00000000d7000000,0x00000000dea00000)
  from space 8192K, 99% used [0x00000000df400000,0x00000000dfbf96f0,0x00000000dfc00000)
  to   space 10240K, 0% used [0x00000000dea00000,0x00000000dea00000,0x00000000df400000)
 ParOldGen       total 84992K, used 4610K [0x0000000085000000, 0x000000008a300000, 0x00000000d7000000)
  object space 84992K, 5% used [0x0000000085000000,0x0000000085480a40,0x000000008a300000)
 Metaspace       used 20919K, capacity 21182K, committed 21248K, reserved 1067008K
  class space    used 2727K, capacity 2813K, committed 2816K, reserved 1048576K
Event: 6.780 GC heap after
Heap after GC invocations=7 (full 1):
 PSYoungGen      total 133120K, used 0K [0x00000000d7000000, 0x00000000e0000000, 0x0000000100000000)
  eden space 124928K, 0% used [0x00000000d7000000,0x00000000d7000000,0x00000000dea00000)
  from space 8192K, 0% used [0x00000000df400000,0x00000000df400000,0x00000000dfc00000)
  to   space 10240K, 0% used [0x00000000dea00000,0x00000000dea00000,0x00000000df400000)
 ParOldGen       total 51200K, used 9686K [0x0000000085000000, 0x0000000088200000, 0x00000000d7000000)
  object space 51200K, 18% used [0x0000000085000000,0x0000000085975bf0,0x0000000088200000)
 Metaspace       used 20897K, capacity 21146K, committed 21248K, reserved 1067008K
  class space    used 2724K, capacity 2807K, committed 2816K, reserved 1048576K
}
Event: 7.779 GC heap before
{Heap before GC invocations=8 (full 1):
 PSYoungGen      total 133120K, used 124928K [0x00000000d7000000, 0x00000000e0000000, 0x0000000100000000)
  eden space 124928K, 100% used [0x00000000d7000000,0x00000000dea00000,0x00000000dea00000)
  from space 8192K, 0% used [0x00000000df400000,0x00000000df400000,0x00000000dfc00000)
  to   space 10240K, 0% used [0x00000000dea00000,0x00000000dea00000,0x00000000df400000)
 ParOldGen       total 51200K, used 9686K [0x0000000085000000, 0x0000000088200000, 0x00000000d7000000)
  object space 51200K, 18% used [0x0000000085000000,0x0000000085975bf0,0x0000000088200000)
 Metaspace       used 30075K, capacity 30452K, committed 30592K, reserved 1075200K
  class space    used 4079K, capacity 4196K, committed 4224K, reserved 1048576K
Event: 7.793 GC heap after
Heap after GC invocations=8 (full 1):
 PSYoungGen      total 135168K, used 10210K [0x00000000d7000000, 0x00000000e6080000, 0x0000000100000000)
  eden space 124928K, 0% used [0x00000000d7000000,0x00000000d7000000,0x00000000dea00000)
  from space 10240K, 99% used [0x00000000dea00000,0x00000000df3f8b18,0x00000000df400000)
  to   space 12800K, 0% used [0x00000000e5400000,0x00000000e5400000,0x00000000e6080000)
 ParOldGen       total 51200K, used 11242K [0x0000000085000000, 0x0000000088200000, 0x00000000d7000000)
  object space 51200K, 21% used [0x0000000085000000,0x0000000085afaa00,0x0000000088200000)
 Metaspace       used 30075K, capacity 30452K, committed 30592K, reserved 1075200K
  class space    used 4079K, capacity 4196K, committed 4224K, reserved 1048576K
}
Event: 8.371 GC heap before
{Heap before GC invocations=9 (full 1):
 PSYoungGen      total 135168K, used 68183K [0x00000000d7000000, 0x00000000e6080000, 0x0000000100000000)
  eden space 124928K, 46% used [0x00000000d7000000,0x00000000da89d3b8,0x00000000dea00000)
  from space 10240K, 99% used [0x00000000dea00000,0x00000000df3f8b18,0x00000000df400000)
  to   space 12800K, 0% used [0x00000000e5400000,0x00000000e5400000,0x00000000e6080000)
 ParOldGen       total 51200K, used 11242K [0x0000000085000000, 0x0000000088200000, 0x00000000d7000000)
  object space 51200K, 21% used [0x0000000085000000,0x0000000085afaa00,0x0000000088200000)
 Metaspace       used 34855K, capacity 35194K, committed 35416K, reserved 1079296K
  class space    used 4919K, capacity 5029K, committed 5120K, reserved 1048576K
Event: 8.381 GC heap after
Heap after GC invocations=9 (full 1):
 PSYoungGen      total 232448K, used 10550K [0x00000000d7000000, 0x00000000e6200000, 0x0000000100000000)
  eden space 219648K, 0% used [0x00000000d7000000,0x00000000d7000000,0x00000000e4680000)
  from space 12800K, 82% used [0x00000000e5400000,0x00000000e5e4d960,0x00000000e6080000)
  to   space 13824K, 0% used [0x00000000e4680000,0x00000000e4680000,0x00000000e5400000)
 ParOldGen       total 51200K, used 11250K [0x0000000085000000, 0x0000000088200000, 0x00000000d7000000)
  object space 51200K, 21% used [0x0000000085000000,0x0000000085afca00,0x0000000088200000)
 Metaspace       used 34855K, capacity 35194K, committed 35416K, reserved 1079296K
  class space    used 4919K, capacity 5029K, committed 5120K, reserved 1048576K
}
Event: 8.381 GC heap before
{Heap before GC invocations=10 (full 2):
 PSYoungGen      total 232448K, used 10550K [0x00000000d7000000, 0x00000000e6200000, 0x0000000100000000)
  eden space 219648K, 0% used [0x00000000d7000000,0x00000000d7000000,0x00000000e4680000)
  from space 12800K, 82% used [0x00000000e5400000,0x00000000e5e4d960,0x00000000e6080000)
  to   space 13824K, 0% used [0x00000000e4680000,0x00000000e4680000,0x00000000e5400000)
 ParOldGen       total 51200K, used 11250K [0x0000000085000000, 0x0000000088200000, 0x00000000d7000000)
  object space 51200K, 21% used [0x0000000085000000,0x0000000085afca00,0x0000000088200000)
 Metaspace       used 34855K, capacity 35194K, committed 35416K, reserved 1079296K
  class space    used 4919K, capacity 5029K, committed 5120K, reserved 1048576K
Event: 8.433 GC heap after
Heap after GC invocations=10 (full 2):
 PSYoungGen      total 232448K, used 0K [0x00000000d7000000, 0x00000000e6200000, 0x0000000100000000)
  eden space 219648K, 0% used [0x00000000d7000000,0x00000000d7000000,0x00000000e4680000)
  from space 12800K, 0% used [0x00000000e5400000,0x00000000e5400000,0x00000000e6080000)
  to   space 13824K, 0% used [0x00000000e4680000,0x00000000e4680000,0x00000000e5400000)
 ParOldGen       total 78336K, used 16583K [0x0000000085000000, 0x0000000089c80000, 0x00000000d7000000)
  object space 78336K, 21% used [0x0000000085000000,0x0000000086031f48,0x0000000089c80000)
 Metaspace       used 34855K, capacity 35194K, committed 35416K, reserved 1079296K
  class space    used 4919K, capacity 5029K, committed 5120K, reserved 1048576K
}

