# JRE version: OpenJDK Runtime Environment (8.0_91-b14) (build 1.8.0_91-8u91-b14-3ubuntu1~16.04.1-b14)
# Java VM: OpenJDK 64-Bit Server VM (25.91-b14 mixed mode linux-amd64 compressed oops)
Heap:
 PSYoungGen      total 227328K, used 132976K [0x00000000d7000000, 0x00000000e5c80000, 0x0000000100000000)
  eden space 214528K, 61% used [0x00000000d7000000,0x00000000df1dc2d0,0x00000000e4180000)
  from space 12800K, 0% used [0x00000000e4f00000,0x00000000e4f00000,0x00000000e5b80000)
  to   space 13824K, 0% used [0x00000000e4180000,0x00000000e4180000,0x00000000e4f00000)
 ParOldGen       total 82432K, used 16347K [0x0000000085000000, 0x000000008a080000, 0x00000000d7000000)
  object space 82432K, 19% used [0x0000000085000000,0x0000000085ff6d78,0x000000008a080000)
 Metaspace       used 44198K, capacity 44642K, committed 44928K, reserved 1087488K
  class space    used 6611K, capacity 6744K, committed 6784K, reserved 1048576K
GC Heap History (10 events):
Event: 6.710 GC heap before
{Heap before GC invocations=6 (full 0):
 PSYoungGen      total 68608K, used 50441K [0x00000000d7000000, 0x00000000dfb00000, 0x0000000100000000)
  eden space 63488K, 71% used [0x00000000d7000000,0x00000000d9c49ba8,0x00000000dae00000)
  from space 5120K, 99% used [0x00000000dae00000,0x00000000db2f88b0,0x00000000db300000)
  to   space 7680K, 0% used [0x00000000df380000,0x00000000df380000,0x00000000dfb00000)
 ParOldGen       total 84992K, used 3011K [0x0000000085000000, 0x000000008a300000, 0x00000000d7000000)
  object space 84992K, 3% used [0x0000000085000000,0x00000000852f0df8,0x000000008a300000)
 Metaspace       used 20895K, capacity 21186K, committed 21248K, reserved 1067008K
  class space    used 2727K, capacity 2813K, committed 2816K, reserved 1048576K
Event: 6.726 GC heap after
Heap after GC invocations=6 (full 0):
 PSYoungGen      total 132096K, used 7675K [0x00000000d7000000, 0x00000000e0000000, 0x0000000100000000)
  eden space 124416K, 0% used [0x00000000d7000000,0x00000000d7000000,0x00000000de980000)
  from space 7680K, 99% used [0x00000000df380000,0x00000000dfafefc0,0x00000000dfb00000)
  to   space 10240K, 0% used [0x00000000de980000,0x00000000de980000,0x00000000df380000)
 ParOldGen       total 84992K, used 5058K [0x0000000085000000, 0x000000008a300000, 0x00000000d7000000)
  object space 84992K, 5% used [0x0000000085000000,0x00000000854f0950,0x000000008a300000)
 Metaspace       used 20895K, capacity 21186K, committed 21248K, reserved 1067008K
  class space    used 2727K, capacity 2813K, committed 2816K, reserved 1048576K
}
Event: 6.726 GC heap before
{Heap before GC invocations=7 (full 1):
 PSYoungGen      total 132096K, used 7675K [0x00000000d7000000, 0x00000000e0000000, 0x0000000100000000)
  eden space 124416K, 0% used [0x00000000d7000000,0x00000000d7000000,0x00000000de980000)
  from space 7680K, 99% used [0x00000000df380000,0x00000000dfafefc0,0x00000000dfb00000)
  to   space 10240K, 0% used [0x00000000de980000,0x00000000de980000,0x00000000df380000)
 ParOldGen       total 84992K, used 5058K [0x0000000085000000, 0x000000008a300000, 0x00000000d7000000)
  object space 84992K, 5% used [0x0000000085000000,0x00000000854f0950,0x000000008a300000)
 Metaspace       used 20895K, capacity 21186K, committed 21248K, reserved 1067008K
  class space    used 2727K, capacity 2813K, committed 2816K, reserved 1048576K
Event: 6.773 GC heap after
Heap after GC invocations=7 (full 1):
 PSYoungGen      total 132096K, used 0K [0x00000000d7000000, 0x00000000e0000000, 0x0000000100000000)
  eden space 124416K, 0% used [0x00000000d7000000,0x00000000d7000000,0x00000000de980000)
  from space 7680K, 0% used [0x00000000df380000,0x00000000df380000,0x00000000dfb00000)
  to   space 10240K, 0% used [0x00000000de980000,0x00000000de980000,0x00000000df380000)
 ParOldGen       total 53248K, used 9722K [0x0000000085000000, 0x0000000088400000, 0x00000000d7000000)
  object space 53248K, 18% used [0x0000000085000000,0x000000008597eb80,0x0000000088400000)
 Metaspace       used 20872K, capacity 21150K, committed 21248K, reserved 1067008K
  class space    used 2724K, capacity 2807K, committed 2816K, reserved 1048576K
}
Event: 7.699 GC heap before
{Heap before GC invocations=8 (full 1):
 PSYoungGen      total 132096K, used 124416K [0x00000000d7000000, 0x00000000e0000000, 0x0000000100000000)
  eden space 124416K, 100% used [0x00000000d7000000,0x00000000de980000,0x00000000de980000)
  from space 7680K, 0% used [0x00000000df380000,0x00000000df380000,0x00000000dfb00000)
  to   space 10240K, 0% used [0x00000000de980000,0x00000000de980000,0x00000000df380000)
 ParOldGen       total 53248K, used 9722K [0x0000000085000000, 0x0000000088400000, 0x00000000d7000000)
  object space 53248K, 18% used [0x0000000085000000,0x000000008597eb80,0x0000000088400000)
 Metaspace       used 30204K, capacity 30520K, committed 30592K, reserved 1075200K
  class space    used 4109K, capacity 4196K, committed 4224K, reserved 1048576K
Event: 7.717 GC heap after
Heap after GC invocations=8 (full 1):
 PSYoungGen      total 134656K, used 10228K [0x00000000d7000000, 0x00000000e5b80000, 0x0000000100000000)
  eden space 124416K, 0% used [0x00000000d7000000,0x00000000d7000000,0x00000000de980000)
  from space 10240K, 99% used [0x00000000de980000,0x00000000df37d2c0,0x00000000df380000)
  to   space 12800K, 0% used [0x00000000e4f00000,0x00000000e4f00000,0x00000000e5b80000)
 ParOldGen       total 53248K, used 11457K [0x0000000085000000, 0x0000000088400000, 0x00000000d7000000)
  object space 53248K, 21% used [0x0000000085000000,0x0000000085b304e0,0x0000000088400000)
 Metaspace       used 30204K, capacity 30520K, committed 30592K, reserved 1075200K
  class space    used 4109K, capacity 4196K, committed 4224K, reserved 1048576K
}
Event: 8.372 GC heap before
{Heap before GC invocations=9 (full 1):
 PSYoungGen      total 134656K, used 64674K [0x00000000d7000000, 0x00000000e5b80000, 0x0000000100000000)
  eden space 124416K, 43% used [0x00000000d7000000,0x00000000da52b608,0x00000000de980000)
  from space 10240K, 99% used [0x00000000de980000,0x00000000df37d2c0,0x00000000df380000)
  to   space 12800K, 0% used [0x00000000e4f00000,0x00000000e4f00000,0x00000000e5b80000)
 ParOldGen       total 53248K, used 11457K [0x0000000085000000, 0x0000000088400000, 0x00000000d7000000)
  object space 53248K, 21% used [0x0000000085000000,0x0000000085b304e0,0x0000000088400000)
 Metaspace       used 34864K, capacity 35198K, committed 35416K, reserved 1079296K
  class space    used 4921K, capacity 5029K, committed 5120K, reserved 1048576K
Event: 8.383 GC heap after
Heap after GC invocations=9 (full 1):
 PSYoungGen      total 227328K, used 10269K [0x00000000d7000000, 0x00000000e5c80000, 0x0000000100000000)
  eden space 214528K, 0% used [0x00000000d7000000,0x00000000d7000000,0x00000000e4180000)
  from space 12800K, 80% used [0x00000000e4f00000,0x00000000e5907790,0x00000000e5b80000)
  to   space 13824K, 0% used [0x00000000e4180000,0x00000000e4180000,0x00000000e4f00000)
 ParOldGen       total 53248K, used 11465K [0x0000000085000000, 0x0000000088400000, 0x00000000d7000000)
  object space 53248K, 21% used [0x0000000085000000,0x0000000085b324e0,0x0000000088400000)
 Metaspace       used 34864K, capacity 35198K, committed 35416K, reserved 1079296K
  class space    used 4921K, capacity 5029K, committed 5120K, reserved 1048576K
}
Event: 8.383 GC heap before
{Heap before GC invocations=10 (full 2):
 PSYoungGen      total 227328K, used 10269K [0x00000000d7000000, 0x00000000e5c80000, 0x0000000100000000)
  eden space 214528K, 0% used [0x00000000d7000000,0x00000000d7000000,0x00000000e4180000)
  from space 12800K, 80% used [0x00000000e4f00000,0x00000000e5907790,0x00000000e5b80000)
  to   space 13824K, 0% used [0x00000000e4180000,0x00000000e4180000,0x00000000e4f00000)
 ParOldGen       total 53248K, used 11465K [0x0000000085000000, 0x0000000088400000, 0x00000000d7000000)
  object space 53248K, 21% used [0x0000000085000000,0x0000000085b324e0,0x0000000088400000)
 Metaspace       used 34864K, capacity 35198K, committed 35416K, reserved 1079296K
  class space    used 4921K, capacity 5029K, committed 5120K, reserved 1048576K
Event: 8.446 GC heap after
Heap after GC invocations=10 (full 2):
 PSYoungGen      total 227328K, used 0K [0x00000000d7000000, 0x00000000e5c80000, 0x0000000100000000)
  eden space 214528K, 0% used [0x00000000d7000000,0x00000000d7000000,0x00000000e4180000)
  from space 12800K, 0% used [0x00000000e4f00000,0x00000000e4f00000,0x00000000e5b80000)
  to   space 13824K, 0% used [0x00000000e4180000,0x00000000e4180000,0x00000000e4f00000)
 ParOldGen       total 82432K, used 16347K [0x0000000085000000, 0x000000008a080000, 0x00000000d7000000)
  object space 82432K, 19% used [0x0000000085000000,0x0000000085ff6d78,0x000000008a080000)
 Metaspace       used 34864K, capacity 35198K, committed 35416K, reserved 1079296K
  class space    used 4921K, capacity 5029K, committed 5120K, reserved 1048576K
}

