# JRE version: OpenJDK Runtime Environment (8.0_91-b14) (build 1.8.0_91-8u91-b14-3ubuntu1~16.04.1-b14)
# Java VM: OpenJDK 64-Bit Server VM (25.91-b14 mixed mode linux-amd64 compressed oops)
Heap:
 PSYoungGen      total 227328K, used 138723K [0x00000000d7000000, 0x00000000e5f80000, 0x0000000100000000)
  eden space 214528K, 64% used [0x00000000d7000000,0x00000000df778df0,0x00000000e4180000)
  from space 12800K, 0% used [0x00000000e4f00000,0x00000000e4f00000,0x00000000e5b80000)
  to   space 13824K, 0% used [0x00000000e4180000,0x00000000e4180000,0x00000000e4f00000)
 ParOldGen       total 86016K, used 16089K [0x0000000085000000, 0x000000008a400000, 0x00000000d7000000)
  object space 86016K, 18% used [0x0000000085000000,0x0000000085fb6530,0x000000008a400000)
 Metaspace       used 44725K, capacity 45222K, committed 45400K, reserved 1087488K
  class space    used 6609K, capacity 6744K, committed 6784K, reserved 1048576K
GC Heap History (10 events):
Event: 6.616 GC heap before
{Heap before GC invocations=6 (full 0):
 PSYoungGen      total 68608K, used 50151K [0x00000000d7000000, 0x00000000dfb00000, 0x0000000100000000)
  eden space 63488K, 70% used [0x00000000d7000000,0x00000000d9bfe540,0x00000000dae00000)
  from space 5120K, 99% used [0x00000000dae00000,0x00000000db2fb8d0,0x00000000db300000)
  to   space 7680K, 0% used [0x00000000df380000,0x00000000df380000,0x00000000dfb00000)
 ParOldGen       total 84992K, used 2902K [0x0000000085000000, 0x000000008a300000, 0x00000000d7000000)
  object space 84992K, 3% used [0x0000000085000000,0x00000000852d5800,0x000000008a300000)
 Metaspace       used 20843K, capacity 21110K, committed 21248K, reserved 1067008K
  class space    used 2657K, capacity 2745K, committed 2816K, reserved 1048576K
Event: 6.627 GC heap after
Heap after GC invocations=6 (full 0):
 PSYoungGen      total 132096K, used 7672K [0x00000000d7000000, 0x00000000e0000000, 0x0000000100000000)
  eden space 124416K, 0% used [0x00000000d7000000,0x00000000d7000000,0x00000000de980000)
  from space 7680K, 99% used [0x00000000df380000,0x00000000dfafe0d0,0x00000000dfb00000)
  to   space 10240K, 0% used [0x00000000de980000,0x00000000de980000,0x00000000df380000)
 ParOldGen       total 84992K, used 4806K [0x0000000085000000, 0x000000008a300000, 0x00000000d7000000)
  object space 84992K, 5% used [0x0000000085000000,0x00000000854b1a48,0x000000008a300000)
 Metaspace       used 20843K, capacity 21110K, committed 21248K, reserved 1067008K
  class space    used 2657K, capacity 2745K, committed 2816K, reserved 1048576K
}
Event: 6.627 GC heap before
{Heap before GC invocations=7 (full 1):
 PSYoungGen      total 132096K, used 7672K [0x00000000d7000000, 0x00000000e0000000, 0x0000000100000000)
  eden space 124416K, 0% used [0x00000000d7000000,0x00000000d7000000,0x00000000de980000)
  from space 7680K, 99% used [0x00000000df380000,0x00000000dfafe0d0,0x00000000dfb00000)
  to   space 10240K, 0% used [0x00000000de980000,0x00000000de980000,0x00000000df380000)
 ParOldGen       total 84992K, used 4806K [0x0000000085000000, 0x000000008a300000, 0x00000000d7000000)
  object space 84992K, 5% used [0x0000000085000000,0x00000000854b1a48,0x000000008a300000)
 Metaspace       used 20843K, capacity 21110K, committed 21248K, reserved 1067008K
  class space    used 2657K, capacity 2745K, committed 2816K, reserved 1048576K
Event: 6.665 GC heap after
Heap after GC invocations=7 (full 1):
 PSYoungGen      total 132096K, used 0K [0x00000000d7000000, 0x00000000e0000000, 0x0000000100000000)
  eden space 124416K, 0% used [0x00000000d7000000,0x00000000d7000000,0x00000000de980000)
  from space 7680K, 0% used [0x00000000df380000,0x00000000df380000,0x00000000dfb00000)
  to   space 10240K, 0% used [0x00000000de980000,0x00000000de980000,0x00000000df380000)
 ParOldGen       total 52224K, used 9474K [0x0000000085000000, 0x0000000088300000, 0x00000000d7000000)
  object space 52224K, 18% used [0x0000000085000000,0x0000000085940b58,0x0000000088300000)
 Metaspace       used 20821K, capacity 21074K, committed 21248K, reserved 1067008K
  class space    used 2654K, capacity 2739K, committed 2816K, reserved 1048576K
}
Event: 7.749 GC heap before
{Heap before GC invocations=8 (full 1):
 PSYoungGen      total 132096K, used 124416K [0x00000000d7000000, 0x00000000e0000000, 0x0000000100000000)
  eden space 124416K, 100% used [0x00000000d7000000,0x00000000de980000,0x00000000de980000)
  from space 7680K, 0% used [0x00000000df380000,0x00000000df380000,0x00000000dfb00000)
  to   space 10240K, 0% used [0x00000000de980000,0x00000000de980000,0x00000000df380000)
 ParOldGen       total 52224K, used 9474K [0x0000000085000000, 0x0000000088300000, 0x00000000d7000000)
  object space 52224K, 18% used [0x0000000085000000,0x0000000085940b58,0x0000000088300000)
 Metaspace       used 30502K, capacity 30908K, committed 31104K, reserved 1077248K
  class space    used 4093K, capacity 4196K, committed 4224K, reserved 1048576K
Event: 7.759 GC heap after
Heap after GC invocations=8 (full 1):
 PSYoungGen      total 134656K, used 10232K [0x00000000d7000000, 0x00000000e5b80000, 0x0000000100000000)
  eden space 124416K, 0% used [0x00000000d7000000,0x00000000d7000000,0x00000000de980000)
  from space 10240K, 99% used [0x00000000de980000,0x00000000df37e058,0x00000000df380000)
  to   space 12800K, 0% used [0x00000000e4f00000,0x00000000e4f00000,0x00000000e5b80000)
 ParOldGen       total 52224K, used 11382K [0x0000000085000000, 0x0000000088300000, 0x00000000d7000000)
  object space 52224K, 21% used [0x0000000085000000,0x0000000085b1dab0,0x0000000088300000)
 Metaspace       used 30502K, capacity 30908K, committed 31104K, reserved 1077248K
  class space    used 4093K, capacity 4196K, committed 4224K, reserved 1048576K
}
Event: 8.487 GC heap before
{Heap before GC invocations=9 (full 1):
 PSYoungGen      total 134656K, used 61364K [0x00000000d7000000, 0x00000000e5b80000, 0x0000000100000000)
  eden space 124416K, 41% used [0x00000000d7000000,0x00000000da1ef260,0x00000000de980000)
  from space 10240K, 99% used [0x00000000de980000,0x00000000df37e058,0x00000000df380000)
  to   space 12800K, 0% used [0x00000000e4f00000,0x00000000e4f00000,0x00000000e5b80000)
 ParOldGen       total 52224K, used 11382K [0x0000000085000000, 0x0000000088300000, 0x00000000d7000000)
  object space 52224K, 21% used [0x0000000085000000,0x0000000085b1dab0,0x0000000088300000)
 Metaspace       used 34890K, capacity 35234K, committed 35416K, reserved 1079296K
  class space    used 4828K, capacity 4933K, committed 4992K, reserved 1048576K
Event: 8.502 GC heap after
Heap after GC invocations=9 (full 1):
 PSYoungGen      total 227328K, used 10102K [0x00000000d7000000, 0x00000000e5f80000, 0x0000000100000000)
  eden space 214528K, 0% used [0x00000000d7000000,0x00000000d7000000,0x00000000e4180000)
  from space 12800K, 78% used [0x00000000e4f00000,0x00000000e58dda50,0x00000000e5b80000)
  to   space 13824K, 0% used [0x00000000e4180000,0x00000000e4180000,0x00000000e4f00000)
 ParOldGen       total 52224K, used 11390K [0x0000000085000000, 0x0000000088300000, 0x00000000d7000000)
  object space 52224K, 21% used [0x0000000085000000,0x0000000085b1fab0,0x0000000088300000)
 Metaspace       used 34890K, capacity 35234K, committed 35416K, reserved 1079296K
  class space    used 4828K, capacity 4933K, committed 4992K, reserved 1048576K
}
Event: 8.502 GC heap before
{Heap before GC invocations=10 (full 2):
 PSYoungGen      total 227328K, used 10102K [0x00000000d7000000, 0x00000000e5f80000, 0x0000000100000000)
  eden space 214528K, 0% used [0x00000000d7000000,0x00000000d7000000,0x00000000e4180000)
  from space 12800K, 78% used [0x00000000e4f00000,0x00000000e58dda50,0x00000000e5b80000)
  to   space 13824K, 0% used [0x00000000e4180000,0x00000000e4180000,0x00000000e4f00000)
 ParOldGen       total 52224K, used 11390K [0x0000000085000000, 0x0000000088300000, 0x00000000d7000000)
  object space 52224K, 21% used [0x0000000085000000,0x0000000085b1fab0,0x0000000088300000)
 Metaspace       used 34890K, capacity 35234K, committed 35416K, reserved 1079296K
  class space    used 4828K, capacity 4933K, committed 4992K, reserved 1048576K
Event: 8.622 GC heap after
Heap after GC invocations=10 (full 2):
 PSYoungGen      total 227328K, used 0K [0x00000000d7000000, 0x00000000e5f80000, 0x0000000100000000)
  eden space 214528K, 0% used [0x00000000d7000000,0x00000000d7000000,0x00000000e4180000)
  from space 12800K, 0% used [0x00000000e4f00000,0x00000000e4f00000,0x00000000e5b80000)
  to   space 13824K, 0% used [0x00000000e4180000,0x00000000e4180000,0x00000000e4f00000)
 ParOldGen       total 86016K, used 16089K [0x0000000085000000, 0x000000008a400000, 0x00000000d7000000)
  object space 86016K, 18% used [0x0000000085000000,0x0000000085fb6530,0x000000008a400000)
 Metaspace       used 34890K, capacity 35234K, committed 35416K, reserved 1079296K
  class space    used 4828K, capacity 4933K, committed 4992K, reserved 1048576K
}

