# JRE version: OpenJDK Runtime Environment (8.0_91-b14) (build 1.8.0_91-8u91-b14-3ubuntu1~16.04.1-b14)
# Java VM: OpenJDK 64-Bit Server VM (25.91-b14 mixed mode linux-amd64 compressed oops)
Heap:
 PSYoungGen      total 240128K, used 138200K [0x00000000d7000000, 0x00000000e6c80000, 0x0000000100000000)
  eden space 227328K, 60% used [0x00000000d7000000,0x00000000df6f6040,0x00000000e4e00000)
  from space 12800K, 0% used [0x00000000e5b80000,0x00000000e5b80000,0x00000000e6800000)
  to   space 13824K, 0% used [0x00000000e4e00000,0x00000000e4e00000,0x00000000e5b80000)
 ParOldGen       total 80896K, used 16114K [0x0000000085000000, 0x0000000089f00000, 0x00000000d7000000)
  object space 80896K, 19% used [0x0000000085000000,0x0000000085fbcb58,0x0000000089f00000)
 Metaspace       used 44687K, capacity 45158K, committed 45400K, reserved 1087488K
  class space    used 6609K, capacity 6744K, committed 6784K, reserved 1048576K
GC Heap History (10 events):
Event: 11.861 GC heap before
{Heap before GC invocations=6 (full 0):
 PSYoungGen      total 68608K, used 50156K [0x00000000d7000000, 0x00000000dfc00000, 0x0000000100000000)
  eden space 63488K, 70% used [0x00000000d7000000,0x00000000d9bff9e8,0x00000000dae00000)
  from space 5120K, 99% used [0x00000000dae00000,0x00000000db2fb8d0,0x00000000db300000)
  to   space 8192K, 0% used [0x00000000df400000,0x00000000df400000,0x00000000dfc00000)
 ParOldGen       total 84992K, used 2910K [0x0000000085000000, 0x000000008a300000, 0x00000000d7000000)
  object space 84992K, 3% used [0x0000000085000000,0x00000000852d7940,0x000000008a300000)
 Metaspace       used 20841K, capacity 21110K, committed 21248K, reserved 1067008K
  class space    used 2654K, capacity 2745K, committed 2816K, reserved 1048576K
Event: 11.873 GC heap after
Heap after GC invocations=6 (full 0):
 PSYoungGen      total 133120K, used 8178K [0x00000000d7000000, 0x00000000e0000000, 0x0000000100000000)
  eden space 124928K, 0% used [0x00000000d7000000,0x00000000d7000000,0x00000000dea00000)
  from space 8192K, 99% used [0x00000000df400000,0x00000000dfbfcbf8,0x00000000dfc00000)
  to   space 10240K, 0% used [0x00000000dea00000,0x00000000dea00000,0x00000000df400000)
 ParOldGen       total 84992K, used 4226K [0x0000000085000000, 0x000000008a300000, 0x00000000d7000000)
  object space 84992K, 4% used [0x0000000085000000,0x0000000085420b60,0x000000008a300000)
 Metaspace       used 20841K, capacity 21110K, committed 21248K, reserved 1067008K
  class space    used 2654K, capacity 2745K, committed 2816K, reserved 1048576K
}
Event: 11.873 GC heap before
{Heap before GC invocations=7 (full 1):
 PSYoungGen      total 133120K, used 8178K [0x00000000d7000000, 0x00000000e0000000, 0x0000000100000000)
  eden space 124928K, 0% used [0x00000000d7000000,0x00000000d7000000,0x00000000dea00000)
  from space 8192K, 99% used [0x00000000df400000,0x00000000dfbfcbf8,0x00000000dfc00000)
  to   space 10240K, 0% used [0x00000000dea00000,0x00000000dea00000,0x00000000df400000)
 ParOldGen       total 84992K, used 4226K [0x0000000085000000, 0x000000008a300000, 0x00000000d7000000)
  object space 84992K, 4% used [0x0000000085000000,0x0000000085420b60,0x000000008a300000)
 Metaspace       used 20841K, capacity 21110K, committed 21248K, reserved 1067008K
  class space    used 2654K, capacity 2745K, committed 2816K, reserved 1048576K
Event: 11.910 GC heap after
Heap after GC invocations=7 (full 1):
 PSYoungGen      total 133120K, used 0K [0x00000000d7000000, 0x00000000e0000000, 0x0000000100000000)
  eden space 124928K, 0% used [0x00000000d7000000,0x00000000d7000000,0x00000000dea00000)
  from space 8192K, 0% used [0x00000000df400000,0x00000000df400000,0x00000000dfc00000)
  to   space 10240K, 0% used [0x00000000dea00000,0x00000000dea00000,0x00000000df400000)
 ParOldGen       total 48640K, used 9432K [0x0000000085000000, 0x0000000087f80000, 0x00000000d7000000)
  object space 48640K, 19% used [0x0000000085000000,0x0000000085936178,0x0000000087f80000)
 Metaspace       used 20818K, capacity 21074K, committed 21248K, reserved 1067008K
  class space    used 2650K, capacity 2739K, committed 2816K, reserved 1048576K
}
Event: 13.007 GC heap before
{Heap before GC invocations=8 (full 1):
 PSYoungGen      total 133120K, used 124928K [0x00000000d7000000, 0x00000000e0000000, 0x0000000100000000)
  eden space 124928K, 100% used [0x00000000d7000000,0x00000000dea00000,0x00000000dea00000)
  from space 8192K, 0% used [0x00000000df400000,0x00000000df400000,0x00000000dfc00000)
  to   space 10240K, 0% used [0x00000000dea00000,0x00000000dea00000,0x00000000df400000)
 ParOldGen       total 48640K, used 9432K [0x0000000085000000, 0x0000000087f80000, 0x00000000d7000000)
  object space 48640K, 19% used [0x0000000085000000,0x0000000085936178,0x0000000087f80000)
 Metaspace       used 30548K, capacity 30908K, committed 31104K, reserved 1077248K
  class space    used 4109K, capacity 4196K, committed 4224K, reserved 1048576K
Event: 13.017 GC heap after
Heap after GC invocations=8 (full 1):
 PSYoungGen      total 135168K, used 10224K [0x00000000d7000000, 0x00000000e6800000, 0x0000000100000000)
  eden space 124928K, 0% used [0x00000000d7000000,0x00000000d7000000,0x00000000dea00000)
  from space 10240K, 99% used [0x00000000dea00000,0x00000000df3fc340,0x00000000df400000)
  to   space 12800K, 0% used [0x00000000e5b80000,0x00000000e5b80000,0x00000000e6800000)
 ParOldGen       total 48640K, used 11412K [0x0000000085000000, 0x0000000087f80000, 0x00000000d7000000)
  object space 48640K, 23% used [0x0000000085000000,0x0000000085b251e0,0x0000000087f80000)
 Metaspace       used 30548K, capacity 30908K, committed 31104K, reserved 1077248K
  class space    used 4109K, capacity 4196K, committed 4224K, reserved 1048576K
}
Event: 13.567 GC heap before
{Heap before GC invocations=9 (full 1):
 PSYoungGen      total 135168K, used 60440K [0x00000000d7000000, 0x00000000e6800000, 0x0000000100000000)
  eden space 124928K, 40% used [0x00000000d7000000,0x00000000da109d00,0x00000000dea00000)
  from space 10240K, 99% used [0x00000000dea00000,0x00000000df3fc340,0x00000000df400000)
  to   space 12800K, 0% used [0x00000000e5b80000,0x00000000e5b80000,0x00000000e6800000)
 ParOldGen       total 48640K, used 11412K [0x0000000085000000, 0x0000000087f80000, 0x00000000d7000000)
  object space 48640K, 23% used [0x0000000085000000,0x0000000085b251e0,0x0000000087f80000)
 Metaspace       used 34885K, capacity 35266K, committed 35416K, reserved 1079296K
  class space    used 4838K, capacity 4965K, committed 4992K, reserved 1048576K
Event: 13.581 GC heap after
Heap after GC invocations=9 (full 1):
 PSYoungGen      total 240128K, used 10133K [0x00000000d7000000, 0x00000000e6c80000, 0x0000000100000000)
  eden space 227328K, 0% used [0x00000000d7000000,0x00000000d7000000,0x00000000e4e00000)
  from space 12800K, 79% used [0x00000000e5b80000,0x00000000e65656f0,0x00000000e6800000)
  to   space 13824K, 0% used [0x00000000e4e00000,0x00000000e4e00000,0x00000000e5b80000)
 ParOldGen       total 48640K, used 11420K [0x0000000085000000, 0x0000000087f80000, 0x00000000d7000000)
  object space 48640K, 23% used [0x0000000085000000,0x0000000085b271e0,0x0000000087f80000)
 Metaspace       used 34885K, capacity 35266K, committed 35416K, reserved 1079296K
  class space    used 4838K, capacity 4965K, committed 4992K, reserved 1048576K
}
Event: 13.581 GC heap before
{Heap before GC invocations=10 (full 2):
 PSYoungGen      total 240128K, used 10133K [0x00000000d7000000, 0x00000000e6c80000, 0x0000000100000000)
  eden space 227328K, 0% used [0x00000000d7000000,0x00000000d7000000,0x00000000e4e00000)
  from space 12800K, 79% used [0x00000000e5b80000,0x00000000e65656f0,0x00000000e6800000)
  to   space 13824K, 0% used [0x00000000e4e00000,0x00000000e4e00000,0x00000000e5b80000)
 ParOldGen       total 48640K, used 11420K [0x0000000085000000, 0x0000000087f80000, 0x00000000d7000000)
  object space 48640K, 23% used [0x0000000085000000,0x0000000085b271e0,0x0000000087f80000)
 Metaspace       used 34885K, capacity 35266K, committed 35416K, reserved 1079296K
  class space    used 4838K, capacity 4965K, committed 4992K, reserved 1048576K
Event: 13.703 GC heap after
Heap after GC invocations=10 (full 2):
 PSYoungGen      total 240128K, used 0K [0x00000000d7000000, 0x00000000e6c80000, 0x0000000100000000)
  eden space 227328K, 0% used [0x00000000d7000000,0x00000000d7000000,0x00000000e4e00000)
  from space 12800K, 0% used [0x00000000e5b80000,0x00000000e5b80000,0x00000000e6800000)
  to   space 13824K, 0% used [0x00000000e4e00000,0x00000000e4e00000,0x00000000e5b80000)
 ParOldGen       total 80896K, used 16114K [0x0000000085000000, 0x0000000089f00000, 0x00000000d7000000)
  object space 80896K, 19% used [0x0000000085000000,0x0000000085fbcb58,0x0000000089f00000)
 Metaspace       used 34885K, capacity 35266K, committed 35416K, reserved 1079296K
  class space    used 4838K, capacity 4965K, committed 4992K, reserved 1048576K
}

